2021-09-29 03:41:52.945+0000 INFO  [o.n.k.i.f.CommunityFacadeFactory] No locking implementation specified, defaulting to 'community'
2021-09-29 03:41:53.793+0000 INFO  [o.n.k.AvailabilityGuard] Requirement makes database unavailable: Database available
2021-09-29 03:41:53.974+0000 INFO  [o.n.k.i.DiagnosticsManager] --- INITIALIZED diagnostics START ---
2021-09-29 03:41:53.974+0000 INFO  [o.n.k.i.DiagnosticsManager] Neo4j Kernel properties:
2021-09-29 03:41:53.975+0000 INFO  [o.n.k.i.DiagnosticsManager] dbms.security.auth_enabled=true
2021-09-29 03:41:53.975+0000 INFO  [o.n.k.i.DiagnosticsManager] dbms.directories.import=import
2021-09-29 03:41:53.975+0000 INFO  [o.n.k.i.DiagnosticsManager] dbms.memory.heap.initial_size=512
2021-09-29 03:41:53.975+0000 INFO  [o.n.k.i.DiagnosticsManager] dbms.connector.bolt.tls_level=OPTIONAL
2021-09-29 03:41:53.976+0000 INFO  [o.n.k.i.DiagnosticsManager] dbms.shell.enabled=true
2021-09-29 03:41:53.976+0000 INFO  [o.n.k.i.DiagnosticsManager] dbms.connector.https.address=0.0.0.0:7473
2021-09-29 03:41:53.977+0000 INFO  [o.n.k.i.DiagnosticsManager] ha.host.coordination=3e2ddca931e2:5001
2021-09-29 03:41:53.978+0000 INFO  [o.n.k.i.DiagnosticsManager] dbms.tx_log.rotation.retention_policy=100M size
2021-09-29 03:41:53.978+0000 INFO  [o.n.k.i.DiagnosticsManager] dbms.connector.https.encryption=TLS
2021-09-29 03:41:53.979+0000 INFO  [o.n.k.i.DiagnosticsManager] dbms.connector.http.address=0.0.0.0:7474
2021-09-29 03:41:53.979+0000 INFO  [o.n.k.i.DiagnosticsManager] dbms.connector.bolt.enabled=true
2021-09-29 03:41:53.979+0000 INFO  [o.n.k.i.DiagnosticsManager] dbms.connector.http.enabled=true
2021-09-29 03:41:53.980+0000 INFO  [o.n.k.i.DiagnosticsManager] dbms.connector.bolt.type=BOLT
2021-09-29 03:41:53.981+0000 INFO  [o.n.k.i.DiagnosticsManager] unsupported.dbms.directories.neo4j_home=/var/lib/neo4j
2021-09-29 03:41:53.983+0000 INFO  [o.n.k.i.DiagnosticsManager] dbms.connector.https.enabled=true
2021-09-29 03:41:53.984+0000 INFO  [o.n.k.i.DiagnosticsManager] dbms.connector.http.type=HTTP
2021-09-29 03:41:53.984+0000 INFO  [o.n.k.i.DiagnosticsManager] dbms.memory.heap.max_size=512
2021-09-29 03:41:53.984+0000 INFO  [o.n.k.i.DiagnosticsManager] dbms.connector.https.type=HTTP
2021-09-29 03:41:53.984+0000 INFO  [o.n.k.i.DiagnosticsManager] unsupported.dbms.security.auth_store.location=data/dbms/auth
2021-09-29 03:41:53.985+0000 INFO  [o.n.k.i.DiagnosticsManager] ha.host.data=3e2ddca931e2:6001
2021-09-29 03:41:53.985+0000 INFO  [o.n.k.i.DiagnosticsManager] unsupported.dbms.edition=community
2021-09-29 03:41:53.985+0000 INFO  [o.n.k.i.DiagnosticsManager] dbms.connector.bolt.address=0.0.0.0:7687
2021-09-29 03:41:53.985+0000 INFO  [o.n.k.i.DiagnosticsManager] dbms.directories.logs=/logs
2021-09-29 03:41:53.985+0000 INFO  [o.n.k.i.DiagnosticsManager] wrapper.java.additional=-Dneo4j.ext.udc.source=docker
2021-09-29 03:41:53.986+0000 INFO  [o.n.k.i.DiagnosticsManager] Diagnostics providers:
2021-09-29 03:41:53.986+0000 INFO  [o.n.k.i.DiagnosticsManager] org.neo4j.kernel.configuration.Config
2021-09-29 03:41:53.986+0000 INFO  [o.n.k.i.DiagnosticsManager] org.neo4j.kernel.info.DiagnosticsManager
2021-09-29 03:41:53.986+0000 INFO  [o.n.k.i.DiagnosticsManager] SYSTEM_MEMORY
2021-09-29 03:41:53.986+0000 INFO  [o.n.k.i.DiagnosticsManager] JAVA_MEMORY
2021-09-29 03:41:53.987+0000 INFO  [o.n.k.i.DiagnosticsManager] OPERATING_SYSTEM
2021-09-29 03:41:53.987+0000 INFO  [o.n.k.i.DiagnosticsManager] JAVA_VIRTUAL_MACHINE
2021-09-29 03:41:53.987+0000 INFO  [o.n.k.i.DiagnosticsManager] CLASSPATH
2021-09-29 03:41:53.987+0000 INFO  [o.n.k.i.DiagnosticsManager] LIBRARY_PATH
2021-09-29 03:41:53.987+0000 INFO  [o.n.k.i.DiagnosticsManager] SYSTEM_PROPERTIES
2021-09-29 03:41:53.987+0000 INFO  [o.n.k.i.DiagnosticsManager] LINUX_SCHEDULERS
2021-09-29 03:41:53.987+0000 INFO  [o.n.k.i.DiagnosticsManager] NETWORK
2021-09-29 03:41:53.988+0000 INFO  [o.n.k.i.DiagnosticsManager] System memory information:
2021-09-29 03:41:54.001+0000 INFO  [o.n.k.i.DiagnosticsManager] Total Physical memory: 1.94 GB
2021-09-29 03:41:54.002+0000 INFO  [o.n.k.i.DiagnosticsManager] Free Physical memory: 72.47 MB
2021-09-29 03:41:54.003+0000 INFO  [o.n.k.i.DiagnosticsManager] Committed virtual memory: 3.32 GB
2021-09-29 03:41:54.003+0000 INFO  [o.n.k.i.DiagnosticsManager] Total swap space: 1024.00 MB
2021-09-29 03:41:54.003+0000 INFO  [o.n.k.i.DiagnosticsManager] Free swap space: 973.19 MB
2021-09-29 03:41:54.003+0000 INFO  [o.n.k.i.DiagnosticsManager] JVM memory information:
2021-09-29 03:41:54.004+0000 INFO  [o.n.k.i.DiagnosticsManager] Free  memory: 482.85 MB
2021-09-29 03:41:54.004+0000 INFO  [o.n.k.i.DiagnosticsManager] Total memory: 512.00 MB
2021-09-29 03:41:54.005+0000 INFO  [o.n.k.i.DiagnosticsManager] Max   memory: 512.00 MB
2021-09-29 03:41:54.021+0000 INFO  [o.n.k.i.DiagnosticsManager] Garbage Collector: G1 Young Generation: [G1 Eden Space, G1 Survivor Space]
2021-09-29 03:41:54.021+0000 INFO  [o.n.k.i.DiagnosticsManager] Garbage Collector: G1 Old Generation: [G1 Eden Space, G1 Survivor Space, G1 Old Gen]
2021-09-29 03:41:54.025+0000 INFO  [o.n.k.i.DiagnosticsManager] Memory Pool: Code Cache (Non-heap memory): committed=4.19 MB, used=4.12 MB, max=240.00 MB, threshold=0.00 B
2021-09-29 03:41:54.026+0000 INFO  [o.n.k.i.DiagnosticsManager] Memory Pool: Metaspace (Non-heap memory): committed=11.88 MB, used=11.19 MB, max=-1.00 B, threshold=0.00 B
2021-09-29 03:41:54.028+0000 INFO  [o.n.k.i.DiagnosticsManager] Memory Pool: Compressed Class Space (Non-heap memory): committed=1.63 MB, used=1.43 MB, max=1.00 GB, threshold=0.00 B
2021-09-29 03:41:54.029+0000 INFO  [o.n.k.i.DiagnosticsManager] Memory Pool: G1 Eden Space (Heap memory): committed=38.00 MB, used=19.00 MB, max=-1.00 B, threshold=?
2021-09-29 03:41:54.030+0000 INFO  [o.n.k.i.DiagnosticsManager] Memory Pool: G1 Survivor Space (Heap memory): committed=4.00 MB, used=4.00 MB, max=-1.00 B, threshold=?
2021-09-29 03:41:54.031+0000 INFO  [o.n.k.i.DiagnosticsManager] Memory Pool: G1 Old Gen (Heap memory): committed=470.00 MB, used=5.15 MB, max=512.00 MB, threshold=0.00 B
2021-09-29 03:41:54.031+0000 INFO  [o.n.k.i.DiagnosticsManager] Operating system information:
2021-09-29 03:41:54.034+0000 INFO  [o.n.k.i.DiagnosticsManager] Operating System: Linux; version: 5.10.47-linuxkit; arch: amd64; cpus: 4
2021-09-29 03:41:54.034+0000 INFO  [o.n.k.i.DiagnosticsManager] Max number of file descriptors: 1048576
2021-09-29 03:41:54.035+0000 INFO  [o.n.k.i.DiagnosticsManager] Number of open file descriptors: 97
2021-09-29 03:41:54.078+0000 INFO  [o.n.k.i.DiagnosticsManager] Process id: 1@3e2ddca931e2
2021-09-29 03:41:54.079+0000 INFO  [o.n.k.i.DiagnosticsManager] Byte order: LITTLE_ENDIAN
2021-09-29 03:41:54.080+0000 INFO  [o.n.k.i.DiagnosticsManager] Local timezone: Etc/UTC
2021-09-29 03:41:54.080+0000 INFO  [o.n.k.i.DiagnosticsManager] JVM information:
2021-09-29 03:41:54.081+0000 INFO  [o.n.k.i.DiagnosticsManager] VM Name: OpenJDK 64-Bit Server VM
2021-09-29 03:41:54.081+0000 INFO  [o.n.k.i.DiagnosticsManager] VM Vendor: Oracle Corporation
2021-09-29 03:41:54.082+0000 INFO  [o.n.k.i.DiagnosticsManager] VM Version: 25.181-b13
2021-09-29 03:41:54.087+0000 INFO  [o.n.k.i.DiagnosticsManager] JIT compiler: HotSpot 64-Bit Tiered Compilers
2021-09-29 03:41:54.092+0000 INFO  [o.n.k.i.DiagnosticsManager] VM Arguments: [-Xms512m, -Xmx512m, -XX:+UseG1GC, -XX:-OmitStackTraceInFastThrow, -XX:hashCode=5, -XX:+AlwaysPreTouch, -XX:+UnlockExperimentalVMOptions, -XX:+TrustFinalNonStaticFields, -XX:+DisableExplicitGC, -Djdk.tls.ephemeralDHKeySize=2048, -Dunsupported.dbms.udc.source=tarball, -Dfile.encoding=UTF-8]
2021-09-29 03:41:54.092+0000 INFO  [o.n.k.i.DiagnosticsManager] Java classpath:
2021-09-29 03:41:54.118+0000 INFO  [o.n.k.i.DiagnosticsManager]  [bootstrap] /usr/lib/jvm/java-8-openjdk-amd64/jre/lib/jce.jar
2021-09-29 03:41:54.119+0000 INFO  [o.n.k.i.DiagnosticsManager]  [classpath + loader.0] file:/var/lib/neo4j/lib/neo4j-primitive-collections-3.0.12.jar
2021-09-29 03:41:54.119+0000 INFO  [o.n.k.i.DiagnosticsManager]  [classpath + loader.0] file:/var/lib/neo4j/lib/commons-lang3-3.3.2.jar
2021-09-29 03:41:54.119+0000 INFO  [o.n.k.i.DiagnosticsManager]  [classpath + loader.0] file:/var/lib/neo4j/lib/jetty-xml-9.2.22.v20170606.jar
2021-09-29 03:41:54.120+0000 INFO  [o.n.k.i.DiagnosticsManager]  [classpath + loader.0] file:/var/lib/neo4j/lib/neo4j-logging-3.0.12.jar
2021-09-29 03:41:54.120+0000 INFO  [o.n.k.i.DiagnosticsManager]  [loader.1] file:/usr/lib/jvm/java-8-openjdk-amd64/jre/lib/ext/java-atk-wrapper.jar
2021-09-29 03:41:54.128+0000 INFO  [o.n.k.i.DiagnosticsManager]  [classpath + loader.0] file:/var/lib/neo4j/lib/neo4j-unsafe-3.0.12.jar
2021-09-29 03:41:54.128+0000 INFO  [o.n.k.i.DiagnosticsManager]  [classpath + loader.0] file:/var/lib/neo4j/lib/scala-library-2.11.8.jar
2021-09-29 03:41:54.129+0000 INFO  [o.n.k.i.DiagnosticsManager]  [classpath + loader.0] file:/var/lib/neo4j/lib/lucene-queryparser-5.5.0.jar
2021-09-29 03:41:54.129+0000 INFO  [o.n.k.i.DiagnosticsManager]  [classpath + loader.0] file:/var/lib/neo4j/lib/jackson-core-asl-1.9.13.jar
2021-09-29 03:41:54.129+0000 INFO  [o.n.k.i.DiagnosticsManager]  [classpath + loader.0] file:/var/lib/neo4j/lib/jetty-security-9.2.22.v20170606.jar
2021-09-29 03:41:54.129+0000 INFO  [o.n.k.i.DiagnosticsManager]  [classpath + loader.0] file:/var/lib/neo4j/lib/server-api-3.0.12.jar
2021-09-29 03:41:54.130+0000 INFO  [o.n.k.i.DiagnosticsManager]  [loader.1] file:/usr/lib/jvm/java-8-openjdk-amd64/jre/lib/ext/nashorn.jar
2021-09-29 03:41:54.130+0000 INFO  [o.n.k.i.DiagnosticsManager]  [loader.1] file:/usr/lib/jvm/java-8-openjdk-amd64/jre/lib/ext/icedtea-sound.jar
2021-09-29 03:41:54.130+0000 INFO  [o.n.k.i.DiagnosticsManager]  [classpath + loader.0] file:/var/lib/neo4j/lib/neo4j-csv-3.0.12.jar
2021-09-29 03:41:54.130+0000 INFO  [o.n.k.i.DiagnosticsManager]  [classpath + loader.0] file:/var/lib/neo4j/lib/neo4j-kernel-3.0.12.jar
2021-09-29 03:41:54.130+0000 INFO  [o.n.k.i.DiagnosticsManager]  [classpath + loader.0] file:/var/lib/neo4j/lib/neo4j-cypher-compiler-3.0-3.0.12.jar
2021-09-29 03:41:54.130+0000 INFO  [o.n.k.i.DiagnosticsManager]  [classpath + loader.0] file:/var/lib/neo4j/lib/jline-2.12.jar
2021-09-29 03:41:54.130+0000 INFO  [o.n.k.i.DiagnosticsManager]  [classpath + loader.0] file:/var/lib/neo4j/lib/jetty-http-9.2.22.v20170606.jar
2021-09-29 03:41:54.131+0000 INFO  [o.n.k.i.DiagnosticsManager]  [classpath + loader.0] file:/var/lib/neo4j/lib/jersey-server-1.19.jar
2021-09-29 03:41:54.131+0000 INFO  [o.n.k.i.DiagnosticsManager]  [loader.1] file:/usr/lib/jvm/java-8-openjdk-amd64/jre/lib/ext/sunjce_provider.jar
2021-09-29 03:41:54.131+0000 INFO  [o.n.k.i.DiagnosticsManager]  [classpath + loader.0] file:/var/lib/neo4j/lib/scala-reflect-2.11.8.jar
2021-09-29 03:41:54.131+0000 INFO  [o.n.k.i.DiagnosticsManager]  [classpath + loader.0] file:/var/lib/neo4j/lib/commons-io-2.4.jar
2021-09-29 03:41:54.131+0000 INFO  [o.n.k.i.DiagnosticsManager]  [classpath + loader.0] file:/var/lib/neo4j/lib/concurrentlinkedhashmap-lru-1.4.2.jar
2021-09-29 03:41:54.132+0000 INFO  [o.n.k.i.DiagnosticsManager]  [classpath + loader.0] file:/var/lib/neo4j/conf/
2021-09-29 03:41:54.132+0000 INFO  [o.n.k.i.DiagnosticsManager]  [bootstrap] /usr/lib/jvm/java-8-openjdk-amd64/jre/lib/sunrsasign.jar
2021-09-29 03:41:54.132+0000 INFO  [o.n.k.i.DiagnosticsManager]  [classpath + loader.0] file:/var/lib/neo4j/lib/neo4j-cypher-compiler-2.3-2.3.11.jar
2021-09-29 03:41:54.133+0000 INFO  [o.n.k.i.DiagnosticsManager]  [classpath + loader.0] file:/var/lib/neo4j/lib/neo4j-graphdb-api-3.0.12.jar
2021-09-29 03:41:54.133+0000 INFO  [o.n.k.i.DiagnosticsManager]  [loader.1] file:/usr/lib/x86_64-linux-gnu/jni/libatk-wrapper.so.6.0.0
2021-09-29 03:41:54.133+0000 INFO  [o.n.k.i.DiagnosticsManager]  [classpath + loader.0] file:/var/lib/neo4j/lib/bcpkix-jdk15on-1.53.jar
2021-09-29 03:41:54.134+0000 INFO  [o.n.k.i.DiagnosticsManager]  [classpath + loader.0] file:/var/lib/neo4j/lib/neo4j-import-tool-3.0.12.jar
2021-09-29 03:41:54.134+0000 INFO  [o.n.k.i.DiagnosticsManager]  [classpath + loader.0] file:/var/lib/neo4j/lib/neo4j-command-line-3.0.12.jar
2021-09-29 03:41:54.134+0000 INFO  [o.n.k.i.DiagnosticsManager]  [classpath + loader.0] file:/var/lib/neo4j/lib/opencsv-2.3.jar
2021-09-29 03:41:54.135+0000 INFO  [o.n.k.i.DiagnosticsManager]  [classpath + loader.0] file:/var/lib/neo4j/lib/neo4j-dbms-3.0.12.jar
2021-09-29 03:41:54.135+0000 INFO  [o.n.k.i.DiagnosticsManager]  [classpath + loader.0] file:/var/lib/neo4j/lib/parboiled-scala_2.11-1.1.7.jar
2021-09-29 03:41:54.135+0000 INFO  [o.n.k.i.DiagnosticsManager]  [classpath + loader.0] file:/var/lib/neo4j/lib/jetty-server-9.2.22.v20170606.jar
2021-09-29 03:41:54.135+0000 INFO  [o.n.k.i.DiagnosticsManager]  [classpath + loader.0] file:/var/lib/neo4j/lib/jersey-servlet-1.19.jar
2021-09-29 03:41:54.136+0000 INFO  [o.n.k.i.DiagnosticsManager]  [bootstrap] /usr/lib/jvm/java-8-openjdk-amd64/jre/lib/jsse.jar
2021-09-29 03:41:54.139+0000 INFO  [o.n.k.i.DiagnosticsManager]  [classpath + loader.0] file:/var/lib/neo4j/lib/jetty-util-9.2.22.v20170606.jar
2021-09-29 03:41:54.139+0000 INFO  [o.n.k.i.DiagnosticsManager]  [classpath + loader.0] file:/var/lib/neo4j/lib/lucene-analyzers-common-5.5.0.jar
2021-09-29 03:41:54.140+0000 INFO  [o.n.k.i.DiagnosticsManager]  [classpath + loader.0] file:/var/lib/neo4j/lib/commons-beanutils-1.8.3.jar
2021-09-29 03:41:54.140+0000 INFO  [o.n.k.i.DiagnosticsManager]  [classpath + loader.0] file:/var/lib/neo4j/lib/asm-5.0.2.jar
2021-09-29 03:41:54.141+0000 INFO  [o.n.k.i.DiagnosticsManager]  [classpath + loader.0] file:/var/lib/neo4j/lib/neo4j-graph-matching-3.0.12.jar
2021-09-29 03:41:54.144+0000 INFO  [o.n.k.i.DiagnosticsManager]  [classpath + loader.0] file:/var/lib/neo4j/lib/neo4j-consistency-check-3.0.12.jar
2021-09-29 03:41:54.147+0000 INFO  [o.n.k.i.DiagnosticsManager]  [classpath + loader.0] file:/var/lib/neo4j/lib/neo4j-browser-1.1.9.jar
2021-09-29 03:41:54.147+0000 INFO  [o.n.k.i.DiagnosticsManager]  [loader.1] file:/usr/lib/jvm/java-8-openjdk-amd64/jre/lib/ext/localedata.jar
2021-09-29 03:41:54.147+0000 INFO  [o.n.k.i.DiagnosticsManager]  [loader.1] file:/usr/lib/jvm/java-8-openjdk-amd64/jre/lib/ext/jaccess.jar
2021-09-29 03:41:54.147+0000 INFO  [o.n.k.i.DiagnosticsManager]  [classpath + loader.0] file:/var/lib/neo4j/lib/jersey-core-1.19.jar
2021-09-29 03:41:54.147+0000 INFO  [o.n.k.i.DiagnosticsManager]  [loader.1] file:/usr/lib/jvm/java-8-openjdk-amd64/jre/lib/ext/sunpkcs11.jar
2021-09-29 03:41:54.148+0000 INFO  [o.n.k.i.DiagnosticsManager]  [classpath + loader.0] file:/var/lib/neo4j/lib/lucene-core-5.5.0.jar
2021-09-29 03:41:54.148+0000 INFO  [o.n.k.i.DiagnosticsManager]  [loader.1] file:/usr/lib/jvm/java-8-openjdk-amd64/jre/lib/ext/sunec.jar
2021-09-29 03:41:54.148+0000 INFO  [o.n.k.i.DiagnosticsManager]  [bootstrap] /usr/lib/jvm/java-8-openjdk-amd64/jre/lib/jfr.jar
2021-09-29 03:41:54.148+0000 INFO  [o.n.k.i.DiagnosticsManager]  [classpath + loader.0] file:/var/lib/neo4j/lib/commons-configuration-1.10.jar
2021-09-29 03:41:54.150+0000 INFO  [o.n.k.i.DiagnosticsManager]  [classpath + loader.0] file:/var/lib/neo4j/lib/neo4j-udc-3.0.12.jar
2021-09-29 03:41:54.152+0000 INFO  [o.n.k.i.DiagnosticsManager]  [classpath + loader.0] file:/var/lib/neo4j/lib/neo4j-io-3.0.12.jar
2021-09-29 03:41:54.152+0000 INFO  [o.n.k.i.DiagnosticsManager]  [loader.1] file:/usr/lib/jvm/java-8-openjdk-amd64/jre/lib/ext/cldrdata.jar
2021-09-29 03:41:54.152+0000 INFO  [o.n.k.i.DiagnosticsManager]  [bootstrap] /usr/lib/jvm/java-8-openjdk-amd64/jre/classes
2021-09-29 03:41:54.153+0000 INFO  [o.n.k.i.DiagnosticsManager]  [classpath + loader.0] file:/var/lib/neo4j/lib/lucene-codecs-5.5.0.jar
2021-09-29 03:41:54.153+0000 INFO  [o.n.k.i.DiagnosticsManager]  [classpath + loader.0] file:/var/lib/neo4j/lib/jackson-mapper-asl-1.9.13.jar
2021-09-29 03:41:54.154+0000 INFO  [o.n.k.i.DiagnosticsManager]  [loader.1] file:/usr/lib/jvm/java-8-openjdk-amd64/jre/lib/ext/zipfs.jar
2021-09-29 03:41:54.154+0000 INFO  [o.n.k.i.DiagnosticsManager]  [classpath + loader.0] file:/var/lib/neo4j/lib/jackson-jaxrs-1.9.13.jar
2021-09-29 03:41:54.154+0000 INFO  [o.n.k.i.DiagnosticsManager]  [bootstrap] /usr/lib/jvm/java-8-openjdk-amd64/jre/lib/resources.jar
2021-09-29 03:41:54.154+0000 INFO  [o.n.k.i.DiagnosticsManager]  [classpath + loader.0] file:/var/lib/neo4j/lib/neo4j-bolt-3.0.12.jar
2021-09-29 03:41:54.154+0000 INFO  [o.n.k.i.DiagnosticsManager]  [classpath + loader.0] file:/var/lib/neo4j/lib/neo4j-shell-3.0.12.jar
2021-09-29 03:41:54.155+0000 INFO  [o.n.k.i.DiagnosticsManager]  [classpath + loader.0] file:/var/lib/neo4j/lib/neo4j-resource-3.0.12.jar
2021-09-29 03:41:54.164+0000 INFO  [o.n.k.i.DiagnosticsManager]  [classpath + loader.0] file:/var/lib/neo4j/plugins/*
2021-09-29 03:41:54.164+0000 INFO  [o.n.k.i.DiagnosticsManager]  [classpath + loader.0] file:/var/lib/neo4j/lib/neo4j-collections-3.0.12.jar
2021-09-29 03:41:54.164+0000 INFO  [o.n.k.i.DiagnosticsManager]  [classpath + loader.0] file:/var/lib/neo4j/lib/neo4j-common-3.0.12.jar
2021-09-29 03:41:54.164+0000 INFO  [o.n.k.i.DiagnosticsManager]  [classpath + loader.0] file:/var/lib/neo4j/lib/neo4j-jmx-3.0.12.jar
2021-09-29 03:41:54.164+0000 INFO  [o.n.k.i.DiagnosticsManager]  [classpath + loader.0] file:/var/lib/neo4j/lib/neo4j-security-3.0.12.jar
2021-09-29 03:41:54.165+0000 INFO  [o.n.k.i.DiagnosticsManager]  [classpath + loader.0] file:/var/lib/neo4j/lib/jsr311-api-1.1.2.r612.jar
2021-09-29 03:41:54.165+0000 INFO  [o.n.k.i.DiagnosticsManager]  [classpath + loader.0] file:/var/lib/neo4j/lib/jersey-multipart-1.19.jar
2021-09-29 03:41:54.165+0000 INFO  [o.n.k.i.DiagnosticsManager]  [classpath + loader.0] file:/var/lib/neo4j/lib/bcprov-jdk15on-1.53.jar
2021-09-29 03:41:54.166+0000 INFO  [o.n.k.i.DiagnosticsManager]  [classpath + loader.0] file:/var/lib/neo4j/lib/neo4j-codegen-3.0.12.jar
2021-09-29 03:41:54.166+0000 INFO  [o.n.k.i.DiagnosticsManager]  [classpath + loader.0] file:/var/lib/neo4j/lib/jetty-webapp-9.2.22.v20170606.jar
2021-09-29 03:41:54.166+0000 INFO  [o.n.k.i.DiagnosticsManager]  [classpath + loader.0] file:/var/lib/neo4j/lib/netty-all-4.0.28.Final.jar
2021-09-29 03:41:54.167+0000 INFO  [o.n.k.i.DiagnosticsManager]  [classpath + loader.0] file:/var/lib/neo4j/lib/javax.servlet-api-3.1.0.jar
2021-09-29 03:41:54.167+0000 INFO  [o.n.k.i.DiagnosticsManager]  [classpath + loader.0] file:/var/lib/neo4j/lib/commons-digester-2.1.jar
2021-09-29 03:41:54.167+0000 INFO  [o.n.k.i.DiagnosticsManager]  [classpath + loader.0] file:/var/lib/neo4j/lib/neo4j-server-3.0.12.jar
2021-09-29 03:41:54.167+0000 INFO  [o.n.k.i.DiagnosticsManager]  [classpath + loader.0] file:/var/lib/neo4j/lib/neo4j-graph-algo-3.0.12.jar
2021-09-29 03:41:54.167+0000 INFO  [o.n.k.i.DiagnosticsManager]  [loader.1] file:/usr/lib/jvm/java-8-openjdk-amd64/jre/lib/ext/dnsns.jar
2021-09-29 03:41:54.168+0000 INFO  [o.n.k.i.DiagnosticsManager]  [classpath + loader.0] file:/var/lib/neo4j/lib/neo4j-cypher-3.0.12.jar
2021-09-29 03:41:54.168+0000 INFO  [o.n.k.i.DiagnosticsManager]  [classpath + loader.0] file:/var/lib/neo4j/plugins/
2021-09-29 03:41:54.168+0000 INFO  [o.n.k.i.DiagnosticsManager]  [classpath + loader.0] file:/var/lib/neo4j/lib/neo4j-cypher-frontend-2.3-2.3.11.jar
2021-09-29 03:41:54.168+0000 INFO  [o.n.k.i.DiagnosticsManager]  [classpath + loader.0] file:/var/lib/neo4j/lib/commons-logging-1.1.1.jar
2021-09-29 03:41:54.168+0000 INFO  [o.n.k.i.DiagnosticsManager]  [classpath + loader.0] file:/var/lib/neo4j/lib/neo4j-cypher-frontend-3.0-3.0.12.jar
2021-09-29 03:41:54.169+0000 INFO  [o.n.k.i.DiagnosticsManager]  [classpath + loader.0] file:/var/lib/neo4j/lib/jetty-servlet-9.2.22.v20170606.jar
2021-09-29 03:41:54.169+0000 INFO  [o.n.k.i.DiagnosticsManager]  [bootstrap] /usr/lib/jvm/java-8-openjdk-amd64/jre/lib/charsets.jar
2021-09-29 03:41:54.169+0000 INFO  [o.n.k.i.DiagnosticsManager]  [classpath + loader.0] file:/var/lib/neo4j/lib/neo4j-lucene-upgrade-3.0.12.jar
2021-09-29 03:41:54.169+0000 INFO  [o.n.k.i.DiagnosticsManager]  [classpath + loader.0] file:/var/lib/neo4j/lib/commons-lang-2.6.jar
2021-09-29 03:41:54.169+0000 INFO  [o.n.k.i.DiagnosticsManager]  [classpath + loader.0] file:/var/lib/neo4j/lib/parboiled-core-1.1.7.jar
2021-09-29 03:41:54.170+0000 INFO  [o.n.k.i.DiagnosticsManager]  [classpath + loader.0] file:/var/lib/neo4j/lib/neo4j-lucene-index-3.0.12.jar
2021-09-29 03:41:54.170+0000 INFO  [o.n.k.i.DiagnosticsManager]  [classpath + loader.0] file:/var/lib/neo4j/lib/jetty-io-9.2.22.v20170606.jar
2021-09-29 03:41:54.170+0000 INFO  [o.n.k.i.DiagnosticsManager]  [classpath + loader.0] file:/var/lib/neo4j/lib/rhino-1.7R4.jar
2021-09-29 03:41:54.170+0000 INFO  [o.n.k.i.DiagnosticsManager]  [bootstrap] /usr/lib/jvm/java-8-openjdk-amd64/jre/lib/rt.jar
2021-09-29 03:41:54.170+0000 INFO  [o.n.k.i.DiagnosticsManager]  [classpath + loader.0] file:/var/lib/neo4j/lib/mimepull-1.9.3.jar
2021-09-29 03:41:54.170+0000 INFO  [o.n.k.i.DiagnosticsManager] Library path:
2021-09-29 03:41:54.172+0000 INFO  [o.n.k.i.DiagnosticsManager] /usr/java/packages/lib/amd64
2021-09-29 03:41:54.172+0000 INFO  [o.n.k.i.DiagnosticsManager] /usr/lib/x86_64-linux-gnu/jni
2021-09-29 03:41:54.173+0000 INFO  [o.n.k.i.DiagnosticsManager] /lib/x86_64-linux-gnu
2021-09-29 03:41:54.174+0000 INFO  [o.n.k.i.DiagnosticsManager] /usr/lib/x86_64-linux-gnu
2021-09-29 03:41:54.174+0000 INFO  [o.n.k.i.DiagnosticsManager] /usr/lib/jni
2021-09-29 03:41:54.174+0000 INFO  [o.n.k.i.DiagnosticsManager] /lib
2021-09-29 03:41:54.175+0000 INFO  [o.n.k.i.DiagnosticsManager] /usr/lib
2021-09-29 03:41:54.175+0000 INFO  [o.n.k.i.DiagnosticsManager] System.properties:
2021-09-29 03:41:54.178+0000 INFO  [o.n.k.i.DiagnosticsManager] sun.boot.library.path = /usr/lib/jvm/java-8-openjdk-amd64/jre/lib/amd64
2021-09-29 03:41:54.178+0000 INFO  [o.n.k.i.DiagnosticsManager] path.separator = :
2021-09-29 03:41:54.178+0000 INFO  [o.n.k.i.DiagnosticsManager] file.encoding.pkg = sun.io
2021-09-29 03:41:54.178+0000 INFO  [o.n.k.i.DiagnosticsManager] sun.java.launcher = SUN_STANDARD
2021-09-29 03:41:54.178+0000 INFO  [o.n.k.i.DiagnosticsManager] sun.os.patch.level = unknown
2021-09-29 03:41:54.179+0000 INFO  [o.n.k.i.DiagnosticsManager] user.dir = /var/lib/neo4j
2021-09-29 03:41:54.179+0000 INFO  [o.n.k.i.DiagnosticsManager] sun.jnu.encoding = UTF-8
2021-09-29 03:41:54.179+0000 INFO  [o.n.k.i.DiagnosticsManager] unsupported.dbms.udc.source = tarball
2021-09-29 03:41:54.180+0000 INFO  [o.n.k.i.DiagnosticsManager] sun.management.compiler = HotSpot 64-Bit Tiered Compilers
2021-09-29 03:41:54.180+0000 INFO  [o.n.k.i.DiagnosticsManager] user.home = /root
2021-09-29 03:41:54.180+0000 INFO  [o.n.k.i.DiagnosticsManager] user.timezone = Etc/UTC
2021-09-29 03:41:54.181+0000 INFO  [o.n.k.i.DiagnosticsManager] file.encoding = UTF-8
2021-09-29 03:41:54.181+0000 INFO  [o.n.k.i.DiagnosticsManager] user.name = root
2021-09-29 03:41:54.181+0000 INFO  [o.n.k.i.DiagnosticsManager] sun.java.command = org.neo4j.server.CommunityEntryPoint --home-dir=/var/lib/neo4j --config-dir=/var/lib/neo4j/conf
2021-09-29 03:41:54.182+0000 INFO  [o.n.k.i.DiagnosticsManager] sun.arch.data.model = 64
2021-09-29 03:41:54.182+0000 INFO  [o.n.k.i.DiagnosticsManager] user.language = en
2021-09-29 03:41:54.182+0000 INFO  [o.n.k.i.DiagnosticsManager] awt.toolkit = sun.awt.X11.XToolkit
2021-09-29 03:41:54.183+0000 INFO  [o.n.k.i.DiagnosticsManager] jdk.tls.ephemeralDHKeySize = 2048
2021-09-29 03:41:54.183+0000 INFO  [o.n.k.i.DiagnosticsManager] file.separator = /
2021-09-29 03:41:54.184+0000 INFO  [o.n.k.i.DiagnosticsManager] sun.io.unicode.encoding = UnicodeLittle
2021-09-29 03:41:54.184+0000 INFO  [o.n.k.i.DiagnosticsManager] sun.cpu.endian = little
2021-09-29 03:41:54.184+0000 INFO  [o.n.k.i.DiagnosticsManager] sun.cpu.isalist = 
2021-09-29 03:41:54.185+0000 INFO  [o.n.k.i.DiagnosticsManager] Linux scheduler information:
2021-09-29 03:41:54.303+0000 INFO  [o.n.k.i.DiagnosticsManager] [mq-deadline] kyber bfq none
2021-09-29 03:41:54.307+0000 INFO  [o.n.k.i.DiagnosticsManager] none
2021-09-29 03:41:54.308+0000 INFO  [o.n.k.i.DiagnosticsManager] [mq-deadline] kyber bfq none
2021-09-29 03:41:54.310+0000 INFO  [o.n.k.i.DiagnosticsManager] [mq-deadline] kyber bfq none
2021-09-29 03:41:54.312+0000 INFO  [o.n.k.i.DiagnosticsManager] none
2021-09-29 03:41:54.313+0000 INFO  [o.n.k.i.DiagnosticsManager] [mq-deadline] kyber bfq none
2021-09-29 03:41:54.315+0000 INFO  [o.n.k.i.DiagnosticsManager] [mq-deadline] kyber bfq none
2021-09-29 03:41:54.316+0000 INFO  [o.n.k.i.DiagnosticsManager] none
2021-09-29 03:41:54.318+0000 INFO  [o.n.k.i.DiagnosticsManager] [mq-deadline] kyber bfq none
2021-09-29 03:41:54.322+0000 INFO  [o.n.k.i.DiagnosticsManager] [mq-deadline] kyber bfq none
2021-09-29 03:41:54.324+0000 INFO  [o.n.k.i.DiagnosticsManager] none
2021-09-29 03:41:54.335+0000 INFO  [o.n.k.i.DiagnosticsManager] none
2021-09-29 03:41:54.337+0000 INFO  [o.n.k.i.DiagnosticsManager] [mq-deadline] kyber bfq none
2021-09-29 03:41:54.338+0000 INFO  [o.n.k.i.DiagnosticsManager] [mq-deadline] kyber bfq none
2021-09-29 03:41:54.339+0000 INFO  [o.n.k.i.DiagnosticsManager] none
2021-09-29 03:41:54.340+0000 INFO  [o.n.k.i.DiagnosticsManager] none
2021-09-29 03:41:54.340+0000 INFO  [o.n.k.i.DiagnosticsManager] [mq-deadline] kyber bfq none
2021-09-29 03:41:54.341+0000 INFO  [o.n.k.i.DiagnosticsManager] [mq-deadline] kyber bfq none
2021-09-29 03:41:54.341+0000 INFO  [o.n.k.i.DiagnosticsManager] none
2021-09-29 03:41:54.342+0000 INFO  [o.n.k.i.DiagnosticsManager] none
2021-09-29 03:41:54.343+0000 INFO  [o.n.k.i.DiagnosticsManager] [mq-deadline] kyber bfq none
2021-09-29 03:41:54.345+0000 INFO  [o.n.k.i.DiagnosticsManager] [mq-deadline] kyber bfq none
2021-09-29 03:41:54.346+0000 INFO  [o.n.k.i.DiagnosticsManager] none
2021-09-29 03:41:54.347+0000 INFO  [o.n.k.i.DiagnosticsManager] [mq-deadline] kyber bfq none
2021-09-29 03:41:54.349+0000 INFO  [o.n.k.i.DiagnosticsManager] [mq-deadline] kyber bfq none
2021-09-29 03:41:54.351+0000 INFO  [o.n.k.i.DiagnosticsManager] [mq-deadline] kyber bfq none
2021-09-29 03:41:54.351+0000 INFO  [o.n.k.i.DiagnosticsManager] [mq-deadline] kyber bfq none
2021-09-29 03:41:54.353+0000 INFO  [o.n.k.i.DiagnosticsManager] [mq-deadline] kyber bfq none
2021-09-29 03:41:54.353+0000 INFO  [o.n.k.i.DiagnosticsManager] none
2021-09-29 03:41:54.355+0000 INFO  [o.n.k.i.DiagnosticsManager] none
2021-09-29 03:41:54.357+0000 INFO  [o.n.k.i.DiagnosticsManager] [mq-deadline] kyber bfq none
2021-09-29 03:41:54.358+0000 INFO  [o.n.k.i.DiagnosticsManager] [mq-deadline] kyber bfq none
2021-09-29 03:41:54.360+0000 INFO  [o.n.k.i.DiagnosticsManager] [mq-deadline] kyber bfq none
2021-09-29 03:41:54.364+0000 INFO  [o.n.k.i.DiagnosticsManager] none
2021-09-29 03:41:54.365+0000 INFO  [o.n.k.i.DiagnosticsManager] [mq-deadline] kyber bfq none
2021-09-29 03:41:54.367+0000 INFO  [o.n.k.i.DiagnosticsManager] none
2021-09-29 03:41:54.368+0000 INFO  [o.n.k.i.DiagnosticsManager] [mq-deadline] kyber bfq none
2021-09-29 03:41:54.369+0000 INFO  [o.n.k.i.DiagnosticsManager] [mq-deadline] kyber bfq none
2021-09-29 03:41:54.370+0000 INFO  [o.n.k.i.DiagnosticsManager] none
2021-09-29 03:41:54.372+0000 INFO  [o.n.k.i.DiagnosticsManager] none
2021-09-29 03:41:54.374+0000 INFO  [o.n.k.i.DiagnosticsManager] [mq-deadline] kyber bfq none
2021-09-29 03:41:54.375+0000 INFO  [o.n.k.i.DiagnosticsManager] Network information:
2021-09-29 03:41:54.390+0000 INFO  [o.n.k.i.DiagnosticsManager] Interface eth0:
2021-09-29 03:41:54.392+0000 INFO  [o.n.k.i.DiagnosticsManager]     address: 172.18.0.2
2021-09-29 03:41:54.393+0000 INFO  [o.n.k.i.DiagnosticsManager] Interface lo:
2021-09-29 03:41:54.393+0000 INFO  [o.n.k.i.DiagnosticsManager]     address: 127.0.0.1
2021-09-29 03:41:54.394+0000 INFO  [o.n.k.i.DiagnosticsManager] --- INITIALIZED diagnostics END ---
2021-09-29 03:41:55.644+0000 INFO  [o.n.b.v.r.Sessions] Bolt Server extension loaded.
2021-09-29 03:41:55.655+0000 INFO  [o.n.b.v.r.Sessions] Bolt enabled on 0.0.0.0:7687.
2021-09-29 03:41:56.791+0000 INFO  [o.n.k.i.s.f.RecordFormatSelector] Selected RecordFormat:StandardV3_0[v0.A.7] record format from store /var/lib/neo4j/data/databases/graph.db
2021-09-29 03:41:57.052+0000 INFO  [o.n.k.i.s.f.RecordFormatSelector] Format not configured. Selected format from the store: RecordFormat:StandardV3_0[v0.A.7]
2021-09-29 03:42:00.361+0000 INFO  [o.n.k.i.DatabaseHealth] Database health set to OK
2021-09-29 03:42:02.866+0000 INFO  [o.n.k.AvailabilityGuard] Fulfilling of requirement makes database available: Database available
2021-09-29 03:42:02.873+0000 INFO  [o.n.k.i.f.CommunityFacadeFactory] Database is now ready
2021-09-29 03:42:02.884+0000 INFO  [o.n.k.i.DiagnosticsManager] --- STARTED diagnostics for KernelDiagnostics:Versions START ---
2021-09-29 03:42:02.889+0000 INFO  [o.n.k.i.DiagnosticsManager] Graph Database: community single StoreId{creationTime=1632886890673, randomId=-7822591496872884694, storeVersion=15531981201765894, upgradeTime=1632886890673, upgradeId=1}
2021-09-29 03:42:02.893+0000 INFO  [o.n.k.i.DiagnosticsManager] Kernel version: 3.0.12,6edbf02a93b89e10763f4868257911e9dac2377b
2021-09-29 03:42:02.897+0000 INFO  [o.n.k.i.DiagnosticsManager] --- STARTED diagnostics for KernelDiagnostics:Versions END ---
2021-09-29 03:42:02.917+0000 INFO  [o.n.k.i.DiagnosticsManager] --- STARTED diagnostics for NEO_STORE_VERSIONS START ---
2021-09-29 03:42:02.923+0000 INFO  [o.n.k.i.DiagnosticsManager] Store versions:
2021-09-29 03:42:02.927+0000 INFO  [o.n.k.i.DiagnosticsManager] Store versions:
2021-09-29 03:42:02.931+0000 INFO  [o.n.k.i.DiagnosticsManager]   ArrayPropertyStore v0.A.7
2021-09-29 03:42:02.935+0000 INFO  [o.n.k.i.DiagnosticsManager]   NodeStore v0.A.7
2021-09-29 03:42:02.941+0000 INFO  [o.n.k.i.DiagnosticsManager]   StringPropertyStore v0.A.7
2021-09-29 03:42:02.946+0000 INFO  [o.n.k.i.DiagnosticsManager]   PropertyIndexStore v0.A.7
2021-09-29 03:42:02.950+0000 INFO  [o.n.k.i.DiagnosticsManager]   StringPropertyStore v0.A.7
2021-09-29 03:42:02.954+0000 INFO  [o.n.k.i.DiagnosticsManager]   ArrayPropertyStore v0.A.7
2021-09-29 03:42:02.958+0000 INFO  [o.n.k.i.DiagnosticsManager]   PropertyStore v0.A.7
2021-09-29 03:42:02.963+0000 INFO  [o.n.k.i.DiagnosticsManager]   RelationshipStore v0.A.7
2021-09-29 03:42:02.967+0000 INFO  [o.n.k.i.DiagnosticsManager]   StringPropertyStore v0.A.7
2021-09-29 03:42:02.971+0000 INFO  [o.n.k.i.DiagnosticsManager]   RelationshipTypeStore v0.A.7
2021-09-29 03:42:02.975+0000 INFO  [o.n.k.i.DiagnosticsManager]   StringPropertyStore v0.A.7
2021-09-29 03:42:02.979+0000 INFO  [o.n.k.i.DiagnosticsManager]   LabelTokenStore v0.A.7
2021-09-29 03:42:02.985+0000 INFO  [o.n.k.i.DiagnosticsManager]   SchemaStore v0.A.7
2021-09-29 03:42:02.990+0000 INFO  [o.n.k.i.DiagnosticsManager]   RelationshipGroupStore v0.A.7
2021-09-29 03:42:02.994+0000 INFO  [o.n.k.i.DiagnosticsManager]   NeoStore v0.A.7
2021-09-29 03:42:03.003+0000 INFO  [o.n.k.i.DiagnosticsManager] --- STARTED diagnostics for NEO_STORE_VERSIONS END ---
2021-09-29 03:42:03.008+0000 INFO  [o.n.k.i.DiagnosticsManager] --- STARTED diagnostics for NEO_STORE_ID_USAGE START ---
2021-09-29 03:42:03.014+0000 INFO  [o.n.k.i.DiagnosticsManager] Id usage:
2021-09-29 03:42:03.020+0000 INFO  [o.n.k.i.DiagnosticsManager] Id usage:
2021-09-29 03:42:03.026+0000 INFO  [o.n.k.i.DiagnosticsManager]   ArrayPropertyStore: used=1 high=0
2021-09-29 03:42:03.033+0000 INFO  [o.n.k.i.DiagnosticsManager]   NodeStore: used=0 high=-1
2021-09-29 03:42:03.040+0000 INFO  [o.n.k.i.DiagnosticsManager]   StringPropertyStore: used=1 high=0
2021-09-29 03:42:03.045+0000 INFO  [o.n.k.i.DiagnosticsManager]   PropertyIndexStore: used=0 high=-1
2021-09-29 03:42:03.052+0000 INFO  [o.n.k.i.DiagnosticsManager]   StringPropertyStore: used=1 high=0
2021-09-29 03:42:03.058+0000 INFO  [o.n.k.i.DiagnosticsManager]   ArrayPropertyStore: used=1 high=0
2021-09-29 03:42:03.063+0000 INFO  [o.n.k.i.DiagnosticsManager]   PropertyStore: used=0 high=-1
2021-09-29 03:42:03.073+0000 INFO  [o.n.k.i.DiagnosticsManager]   RelationshipStore: used=0 high=-1
2021-09-29 03:42:03.078+0000 INFO  [o.n.k.i.DiagnosticsManager]   StringPropertyStore: used=1 high=0
2021-09-29 03:42:03.083+0000 INFO  [o.n.k.i.DiagnosticsManager]   RelationshipTypeStore: used=0 high=-1
2021-09-29 03:42:03.089+0000 INFO  [o.n.k.i.DiagnosticsManager]   StringPropertyStore: used=1 high=0
2021-09-29 03:42:03.094+0000 INFO  [o.n.k.i.DiagnosticsManager]   LabelTokenStore: used=0 high=-1
2021-09-29 03:42:03.101+0000 INFO  [o.n.k.i.DiagnosticsManager]   SchemaStore: used=1 high=0
2021-09-29 03:42:03.105+0000 INFO  [o.n.k.i.DiagnosticsManager]   RelationshipGroupStore: used=1 high=0
2021-09-29 03:42:03.111+0000 INFO  [o.n.k.i.DiagnosticsManager]   NeoStore: used=15 high=14
2021-09-29 03:42:03.119+0000 INFO  [o.n.k.i.DiagnosticsManager] --- STARTED diagnostics for NEO_STORE_ID_USAGE END ---
2021-09-29 03:42:03.123+0000 INFO  [o.n.k.i.DiagnosticsManager] --- STARTED diagnostics for NEO_STORE_RECORDS START ---
2021-09-29 03:42:03.127+0000 INFO  [o.n.k.i.DiagnosticsManager] Neostore records:
2021-09-29 03:42:03.135+0000 INFO  [o.n.k.i.DiagnosticsManager] TIME (Creation time): 1632886890673
2021-09-29 03:42:03.140+0000 INFO  [o.n.k.i.DiagnosticsManager] RANDOM_NUMBER (Random number for store id): -7822591496872884694
2021-09-29 03:42:03.144+0000 INFO  [o.n.k.i.DiagnosticsManager] LOG_VERSION (Current log version): 0
2021-09-29 03:42:03.148+0000 INFO  [o.n.k.i.DiagnosticsManager] LAST_TRANSACTION_ID (Last committed transaction): 1
2021-09-29 03:42:03.151+0000 INFO  [o.n.k.i.DiagnosticsManager] STORE_VERSION (Store format version): 15531981201765894
2021-09-29 03:42:03.157+0000 INFO  [o.n.k.i.DiagnosticsManager] FIRST_GRAPH_PROPERTY (First property record containing graph properties): -1
2021-09-29 03:42:03.161+0000 INFO  [o.n.k.i.DiagnosticsManager] LAST_CONSTRAINT_TRANSACTION (Last committed transaction containing constraint changes): 0
2021-09-29 03:42:03.169+0000 INFO  [o.n.k.i.DiagnosticsManager] UPGRADE_TRANSACTION_ID (Transaction id most recent upgrade was performed at): 1
2021-09-29 03:42:03.175+0000 INFO  [o.n.k.i.DiagnosticsManager] UPGRADE_TIME (Time of last upgrade): 1632886890673
2021-09-29 03:42:03.180+0000 INFO  [o.n.k.i.DiagnosticsManager] LAST_TRANSACTION_CHECKSUM (Checksum of last committed transaction): 0
2021-09-29 03:42:03.186+0000 INFO  [o.n.k.i.DiagnosticsManager] UPGRADE_TRANSACTION_CHECKSUM (Checksum of transaction id the most recent upgrade was performed at): 0
2021-09-29 03:42:03.192+0000 INFO  [o.n.k.i.DiagnosticsManager] LAST_CLOSED_TRANSACTION_LOG_VERSION (Log version where the last transaction commit entry has been written into): 0
2021-09-29 03:42:03.198+0000 INFO  [o.n.k.i.DiagnosticsManager] LAST_CLOSED_TRANSACTION_LOG_BYTE_OFFSET (Byte offset in the log file where the last transaction commit entry has been written into): 16
2021-09-29 03:42:03.205+0000 INFO  [o.n.k.i.DiagnosticsManager] LAST_TRANSACTION_COMMIT_TIMESTAMP (Commit time timestamp for last committed transaction): 0
2021-09-29 03:42:03.211+0000 INFO  [o.n.k.i.DiagnosticsManager] UPGRADE_TRANSACTION_COMMIT_TIMESTAMP (Commit timestamp of transaction the most recent upgrade was performed at): 0
2021-09-29 03:42:03.217+0000 INFO  [o.n.k.i.DiagnosticsManager] --- STARTED diagnostics for NEO_STORE_RECORDS END ---
2021-09-29 03:42:03.231+0000 INFO  [o.n.k.i.DiagnosticsManager] --- STARTED diagnostics for TRANSACTION_RANGE START ---
2021-09-29 03:42:03.238+0000 INFO  [o.n.k.i.DiagnosticsManager] Transaction log:
2021-09-29 03:42:03.256+0000 INFO  [o.n.k.i.DiagnosticsManager] Oldest transaction 2 found in log with version 0
2021-09-29 03:42:03.263+0000 INFO  [o.n.k.i.DiagnosticsManager] --- STARTED diagnostics for TRANSACTION_RANGE END ---
2021-09-29 03:42:03.271+0000 INFO  [o.n.k.i.DiagnosticsManager] --- STARTED diagnostics for KernelDiagnostics:StoreFiles START ---
2021-09-29 03:42:03.285+0000 INFO  [o.n.k.i.DiagnosticsManager] Disk space on partition (Total / Free / Free %): 186000580608 / 36957347840 / 19
Storage files: (filename : modification date - size)
2021-09-29 03:42:03.299+0000 INFO  [o.n.k.i.DiagnosticsManager]   index:
2021-09-29 03:42:03.309+0000 INFO  [o.n.k.i.DiagnosticsManager]   - Total: 2021-09-29T03:41:31+0000 - 0.00 B
2021-09-29 03:42:03.324+0000 INFO  [o.n.k.i.DiagnosticsManager]   neostore: 2021-09-29T03:41:30+0000 - 8.00 kB
2021-09-29 03:42:03.331+0000 INFO  [o.n.k.i.DiagnosticsManager]   neostore.counts.db.a: 2021-09-29T03:41:32+0000 - 96.00 B
2021-09-29 03:42:03.340+0000 INFO  [o.n.k.i.DiagnosticsManager]   neostore.id: 2021-09-29T03:41:58+0000 - 9.00 B
2021-09-29 03:42:03.347+0000 INFO  [o.n.k.i.DiagnosticsManager]   neostore.labeltokenstore.db: 2021-09-29T03:41:30+0000 - 0.00 B
2021-09-29 03:42:03.355+0000 INFO  [o.n.k.i.DiagnosticsManager]   neostore.labeltokenstore.db.id: 2021-09-29T03:41:57+0000 - 9.00 B
2021-09-29 03:42:03.370+0000 INFO  [o.n.k.i.DiagnosticsManager]   neostore.labeltokenstore.db.names: 2021-09-29T03:41:30+0000 - 8.00 kB
2021-09-29 03:42:03.379+0000 INFO  [o.n.k.i.DiagnosticsManager]   neostore.labeltokenstore.db.names.id: 2021-09-29T03:41:57+0000 - 9.00 B
2021-09-29 03:42:03.387+0000 INFO  [o.n.k.i.DiagnosticsManager]   neostore.nodestore.db: 2021-09-29T03:41:29+0000 - 0.00 B
2021-09-29 03:42:03.393+0000 INFO  [o.n.k.i.DiagnosticsManager]   neostore.nodestore.db.id: 2021-09-29T03:41:57+0000 - 9.00 B
2021-09-29 03:42:03.400+0000 INFO  [o.n.k.i.DiagnosticsManager]   neostore.nodestore.db.labels: 2021-09-29T03:41:29+0000 - 8.00 kB
2021-09-29 03:42:03.406+0000 INFO  [o.n.k.i.DiagnosticsManager]   neostore.nodestore.db.labels.id: 2021-09-29T03:41:57+0000 - 9.00 B
2021-09-29 03:42:03.412+0000 INFO  [o.n.k.i.DiagnosticsManager]   neostore.propertystore.db: 2021-09-29T03:41:30+0000 - 0.00 B
2021-09-29 03:42:03.419+0000 INFO  [o.n.k.i.DiagnosticsManager]   neostore.propertystore.db.arrays: 2021-09-29T03:41:30+0000 - 8.00 kB
2021-09-29 03:42:03.425+0000 INFO  [o.n.k.i.DiagnosticsManager]   neostore.propertystore.db.arrays.id: 2021-09-29T03:41:57+0000 - 9.00 B
2021-09-29 03:42:03.433+0000 INFO  [o.n.k.i.DiagnosticsManager]   neostore.propertystore.db.id: 2021-09-29T03:41:57+0000 - 9.00 B
2021-09-29 03:42:03.440+0000 INFO  [o.n.k.i.DiagnosticsManager]   neostore.propertystore.db.index: 2021-09-29T03:41:29+0000 - 0.00 B
2021-09-29 03:42:03.449+0000 INFO  [o.n.k.i.DiagnosticsManager]   neostore.propertystore.db.index.id: 2021-09-29T03:41:57+0000 - 9.00 B
2021-09-29 03:42:03.463+0000 INFO  [o.n.k.i.DiagnosticsManager]   neostore.propertystore.db.index.keys: 2021-09-29T03:41:29+0000 - 8.00 kB
2021-09-29 03:42:03.477+0000 INFO  [o.n.k.i.DiagnosticsManager]   neostore.propertystore.db.index.keys.id: 2021-09-29T03:41:57+0000 - 9.00 B
2021-09-29 03:42:03.488+0000 INFO  [o.n.k.i.DiagnosticsManager]   neostore.propertystore.db.strings: 2021-09-29T03:41:29+0000 - 8.00 kB
2021-09-29 03:42:03.497+0000 INFO  [o.n.k.i.DiagnosticsManager]   neostore.propertystore.db.strings.id: 2021-09-29T03:41:57+0000 - 9.00 B
2021-09-29 03:42:03.508+0000 INFO  [o.n.k.i.DiagnosticsManager]   neostore.relationshipgroupstore.db: 2021-09-29T03:41:30+0000 - 8.00 kB
2021-09-29 03:42:03.515+0000 INFO  [o.n.k.i.DiagnosticsManager]   neostore.relationshipgroupstore.db.id: 2021-09-29T03:41:58+0000 - 9.00 B
2021-09-29 03:42:03.523+0000 INFO  [o.n.k.i.DiagnosticsManager]   neostore.relationshipstore.db: 2021-09-29T03:41:30+0000 - 0.00 B
2021-09-29 03:42:03.530+0000 INFO  [o.n.k.i.DiagnosticsManager]   neostore.relationshipstore.db.id: 2021-09-29T03:41:57+0000 - 9.00 B
2021-09-29 03:42:03.536+0000 INFO  [o.n.k.i.DiagnosticsManager]   neostore.relationshiptypestore.db: 2021-09-29T03:41:30+0000 - 0.00 B
2021-09-29 03:42:03.543+0000 INFO  [o.n.k.i.DiagnosticsManager]   neostore.relationshiptypestore.db.id: 2021-09-29T03:41:57+0000 - 9.00 B
2021-09-29 03:42:03.552+0000 INFO  [o.n.k.i.DiagnosticsManager]   neostore.relationshiptypestore.db.names: 2021-09-29T03:41:30+0000 - 8.00 kB
2021-09-29 03:42:03.562+0000 INFO  [o.n.k.i.DiagnosticsManager]   neostore.relationshiptypestore.db.names.id: 2021-09-29T03:41:57+0000 - 9.00 B
2021-09-29 03:42:03.570+0000 INFO  [o.n.k.i.DiagnosticsManager]   neostore.schemastore.db: 2021-09-29T03:41:30+0000 - 8.00 kB
2021-09-29 03:42:03.576+0000 INFO  [o.n.k.i.DiagnosticsManager]   neostore.schemastore.db.id: 2021-09-29T03:41:58+0000 - 9.00 B
2021-09-29 03:42:03.583+0000 INFO  [o.n.k.i.DiagnosticsManager]   neostore.transaction.db.0: 2021-09-29T03:41:45+0000 - 34.00 B
2021-09-29 03:42:03.590+0000 INFO  [o.n.k.i.DiagnosticsManager]   schema:
2021-09-29 03:42:03.600+0000 INFO  [o.n.k.i.DiagnosticsManager]     label:
2021-09-29 03:42:03.614+0000 INFO  [o.n.k.i.DiagnosticsManager]       lucene:
2021-09-29 03:42:03.624+0000 INFO  [o.n.k.i.DiagnosticsManager]         labelStore:
2021-09-29 03:42:03.635+0000 INFO  [o.n.k.i.DiagnosticsManager]           1:
2021-09-29 03:42:03.647+0000 INFO  [o.n.k.i.DiagnosticsManager]             segments_1: 2021-09-29T03:41:45+0000 - 71.00 B
2021-09-29 03:42:03.659+0000 INFO  [o.n.k.i.DiagnosticsManager]             write.lock: 2021-09-29T03:41:31+0000 - 0.00 B
2021-09-29 03:42:03.666+0000 INFO  [o.n.k.i.DiagnosticsManager]           - Total: 2021-09-29T03:41:45+0000 - 71.00 B
2021-09-29 03:42:03.674+0000 INFO  [o.n.k.i.DiagnosticsManager]           failure-message: 2021-09-29T03:41:31+0000 - 16.00 kB
2021-09-29 03:42:03.681+0000 INFO  [o.n.k.i.DiagnosticsManager]         - Total: 2021-09-29T03:41:31+0000 - 16.07 kB
2021-09-29 03:42:03.692+0000 INFO  [o.n.k.i.DiagnosticsManager]       - Total: 2021-09-29T03:41:31+0000 - 16.07 kB
2021-09-29 03:42:03.702+0000 INFO  [o.n.k.i.DiagnosticsManager]     - Total: 2021-09-29T03:41:31+0000 - 16.07 kB
2021-09-29 03:42:03.715+0000 INFO  [o.n.k.i.DiagnosticsManager]   - Total: 2021-09-29T03:41:31+0000 - 16.07 kB
2021-09-29 03:42:03.721+0000 INFO  [o.n.k.i.DiagnosticsManager]   store_lock: 2021-09-29T03:41:29+0000 - 0.00 B
2021-09-29 03:42:03.726+0000 INFO  [o.n.k.i.DiagnosticsManager] --- STARTED diagnostics for KernelDiagnostics:StoreFiles END ---
2021-09-29 03:42:11.822+0000 INFO  [o.n.k.i.DiagnosticsManager] --- SERVER STARTED START ---
2021-09-29 03:42:15.955+0000 INFO  [o.n.k.i.DiagnosticsManager] --- SERVER STARTED END ---
2021-09-29 03:46:44.797+0000 INFO  [o.n.k.i.f.CommunityFacadeFactory] Shutdown started
2021-09-29 03:46:44.808+0000 INFO  [o.n.k.i.f.CommunityFacadeFactory] Database is now unavailable
2021-09-29 03:46:44.849+0000 INFO  [o.n.k.i.t.l.c.CheckPointerImpl] Check Pointing triggered by database shutdown [1]:  Starting check pointing...
2021-09-29 03:46:44.853+0000 INFO  [o.n.k.i.t.l.c.CheckPointerImpl] Check Pointing triggered by database shutdown [1]:  Starting store flush...
2021-09-29 03:46:44.879+0000 INFO  [o.n.k.i.t.l.c.CheckPointerImpl] Check Pointing triggered by database shutdown [1]:  Store flush completed
2021-09-29 03:46:44.882+0000 INFO  [o.n.k.i.t.l.c.CheckPointerImpl] Check Pointing triggered by database shutdown [1]:  Starting appending check point entry into the tx log...
2021-09-29 03:46:44.894+0000 INFO  [o.n.k.i.t.l.c.CheckPointerImpl] Check Pointing triggered by database shutdown [1]:  Appending check point entry into the tx log completed
2021-09-29 03:46:44.897+0000 INFO  [o.n.k.i.t.l.c.CheckPointerImpl] Check Pointing triggered by database shutdown [1]:  Check pointing completed
2021-09-29 03:46:44.900+0000 INFO  [o.n.k.i.t.l.p.LogPruningImpl] Log Rotation [0]:  Starting log pruning.
2021-09-29 03:46:44.902+0000 INFO  [o.n.k.i.t.l.p.LogPruningImpl] Log Rotation [0]:  Log pruning complete.
2021-09-29 03:46:45.050+0000 INFO  [o.n.k.i.DiagnosticsManager] --- STOPPING diagnostics START ---
2021-09-29 03:46:45.050+0000 INFO  [o.n.k.i.DiagnosticsManager] --- STOPPING diagnostics END ---
2021-09-29 03:48:59.161+0000 INFO  [o.n.k.i.f.CommunityFacadeFactory] No locking implementation specified, defaulting to 'community'
2021-09-29 03:48:59.631+0000 INFO  [o.n.k.AvailabilityGuard] Requirement makes database unavailable: Database available
2021-09-29 03:48:59.843+0000 INFO  [o.n.k.i.DiagnosticsManager] --- INITIALIZED diagnostics START ---
2021-09-29 03:48:59.843+0000 INFO  [o.n.k.i.DiagnosticsManager] Neo4j Kernel properties:
2021-09-29 03:48:59.844+0000 INFO  [o.n.k.i.DiagnosticsManager] dbms.security.auth_enabled=true
2021-09-29 03:48:59.844+0000 INFO  [o.n.k.i.DiagnosticsManager] dbms.directories.import=import
2021-09-29 03:48:59.844+0000 INFO  [o.n.k.i.DiagnosticsManager] dbms.memory.heap.initial_size=512
2021-09-29 03:48:59.845+0000 INFO  [o.n.k.i.DiagnosticsManager] dbms.connector.bolt.tls_level=OPTIONAL
2021-09-29 03:48:59.845+0000 INFO  [o.n.k.i.DiagnosticsManager] dbms.shell.enabled=true
2021-09-29 03:48:59.845+0000 INFO  [o.n.k.i.DiagnosticsManager] dbms.connector.https.address=0.0.0.0:7473
2021-09-29 03:48:59.845+0000 INFO  [o.n.k.i.DiagnosticsManager] ha.host.coordination=50147aabe793:5001
2021-09-29 03:48:59.846+0000 INFO  [o.n.k.i.DiagnosticsManager] dbms.tx_log.rotation.retention_policy=100M size
2021-09-29 03:48:59.847+0000 INFO  [o.n.k.i.DiagnosticsManager] dbms.connector.https.encryption=TLS
2021-09-29 03:48:59.847+0000 INFO  [o.n.k.i.DiagnosticsManager] dbms.connector.http.address=0.0.0.0:7474
2021-09-29 03:48:59.848+0000 INFO  [o.n.k.i.DiagnosticsManager] dbms.connector.bolt.enabled=true
2021-09-29 03:48:59.848+0000 INFO  [o.n.k.i.DiagnosticsManager] dbms.connector.http.enabled=true
2021-09-29 03:48:59.849+0000 INFO  [o.n.k.i.DiagnosticsManager] dbms.connector.bolt.type=BOLT
2021-09-29 03:48:59.849+0000 INFO  [o.n.k.i.DiagnosticsManager] unsupported.dbms.directories.neo4j_home=/var/lib/neo4j
2021-09-29 03:48:59.850+0000 INFO  [o.n.k.i.DiagnosticsManager] dbms.connector.https.enabled=true
2021-09-29 03:48:59.850+0000 INFO  [o.n.k.i.DiagnosticsManager] dbms.connector.http.type=HTTP
2021-09-29 03:48:59.852+0000 INFO  [o.n.k.i.DiagnosticsManager] dbms.memory.heap.max_size=512
2021-09-29 03:48:59.852+0000 INFO  [o.n.k.i.DiagnosticsManager] dbms.connector.https.type=HTTP
2021-09-29 03:48:59.853+0000 INFO  [o.n.k.i.DiagnosticsManager] unsupported.dbms.security.auth_store.location=data/dbms/auth
2021-09-29 03:48:59.853+0000 INFO  [o.n.k.i.DiagnosticsManager] ha.host.data=50147aabe793:6001
2021-09-29 03:48:59.853+0000 INFO  [o.n.k.i.DiagnosticsManager] unsupported.dbms.edition=community
2021-09-29 03:48:59.854+0000 INFO  [o.n.k.i.DiagnosticsManager] dbms.connector.bolt.address=0.0.0.0:7687
2021-09-29 03:48:59.854+0000 INFO  [o.n.k.i.DiagnosticsManager] dbms.directories.logs=/logs
2021-09-29 03:48:59.855+0000 INFO  [o.n.k.i.DiagnosticsManager] wrapper.java.additional=-Dneo4j.ext.udc.source=docker
2021-09-29 03:48:59.855+0000 INFO  [o.n.k.i.DiagnosticsManager] Diagnostics providers:
2021-09-29 03:48:59.856+0000 INFO  [o.n.k.i.DiagnosticsManager] org.neo4j.kernel.configuration.Config
2021-09-29 03:48:59.856+0000 INFO  [o.n.k.i.DiagnosticsManager] org.neo4j.kernel.info.DiagnosticsManager
2021-09-29 03:48:59.856+0000 INFO  [o.n.k.i.DiagnosticsManager] SYSTEM_MEMORY
2021-09-29 03:48:59.856+0000 INFO  [o.n.k.i.DiagnosticsManager] JAVA_MEMORY
2021-09-29 03:48:59.856+0000 INFO  [o.n.k.i.DiagnosticsManager] OPERATING_SYSTEM
2021-09-29 03:48:59.857+0000 INFO  [o.n.k.i.DiagnosticsManager] JAVA_VIRTUAL_MACHINE
2021-09-29 03:48:59.857+0000 INFO  [o.n.k.i.DiagnosticsManager] CLASSPATH
2021-09-29 03:48:59.857+0000 INFO  [o.n.k.i.DiagnosticsManager] LIBRARY_PATH
2021-09-29 03:48:59.858+0000 INFO  [o.n.k.i.DiagnosticsManager] SYSTEM_PROPERTIES
2021-09-29 03:48:59.858+0000 INFO  [o.n.k.i.DiagnosticsManager] LINUX_SCHEDULERS
2021-09-29 03:48:59.858+0000 INFO  [o.n.k.i.DiagnosticsManager] NETWORK
2021-09-29 03:48:59.859+0000 INFO  [o.n.k.i.DiagnosticsManager] System memory information:
2021-09-29 03:48:59.877+0000 INFO  [o.n.k.i.DiagnosticsManager] Total Physical memory: 1.94 GB
2021-09-29 03:48:59.878+0000 INFO  [o.n.k.i.DiagnosticsManager] Free Physical memory: 78.50 MB
2021-09-29 03:48:59.881+0000 INFO  [o.n.k.i.DiagnosticsManager] Committed virtual memory: 3.32 GB
2021-09-29 03:48:59.881+0000 INFO  [o.n.k.i.DiagnosticsManager] Total swap space: 1024.00 MB
2021-09-29 03:48:59.881+0000 INFO  [o.n.k.i.DiagnosticsManager] Free swap space: 844.07 MB
2021-09-29 03:48:59.882+0000 INFO  [o.n.k.i.DiagnosticsManager] JVM memory information:
2021-09-29 03:48:59.882+0000 INFO  [o.n.k.i.DiagnosticsManager] Free  memory: 482.56 MB
2021-09-29 03:48:59.883+0000 INFO  [o.n.k.i.DiagnosticsManager] Total memory: 512.00 MB
2021-09-29 03:48:59.883+0000 INFO  [o.n.k.i.DiagnosticsManager] Max   memory: 512.00 MB
2021-09-29 03:48:59.898+0000 INFO  [o.n.k.i.DiagnosticsManager] Garbage Collector: G1 Young Generation: [G1 Eden Space, G1 Survivor Space]
2021-09-29 03:48:59.898+0000 INFO  [o.n.k.i.DiagnosticsManager] Garbage Collector: G1 Old Generation: [G1 Eden Space, G1 Survivor Space, G1 Old Gen]
2021-09-29 03:48:59.902+0000 INFO  [o.n.k.i.DiagnosticsManager] Memory Pool: Code Cache (Non-heap memory): committed=4.06 MB, used=4.03 MB, max=240.00 MB, threshold=0.00 B
2021-09-29 03:48:59.903+0000 INFO  [o.n.k.i.DiagnosticsManager] Memory Pool: Metaspace (Non-heap memory): committed=11.88 MB, used=11.19 MB, max=-1.00 B, threshold=0.00 B
2021-09-29 03:48:59.904+0000 INFO  [o.n.k.i.DiagnosticsManager] Memory Pool: Compressed Class Space (Non-heap memory): committed=1.63 MB, used=1.43 MB, max=1.00 GB, threshold=0.00 B
2021-09-29 03:48:59.905+0000 INFO  [o.n.k.i.DiagnosticsManager] Memory Pool: G1 Eden Space (Heap memory): committed=38.00 MB, used=19.00 MB, max=-1.00 B, threshold=?
2021-09-29 03:48:59.905+0000 INFO  [o.n.k.i.DiagnosticsManager] Memory Pool: G1 Survivor Space (Heap memory): committed=4.00 MB, used=4.00 MB, max=-1.00 B, threshold=?
2021-09-29 03:48:59.906+0000 INFO  [o.n.k.i.DiagnosticsManager] Memory Pool: G1 Old Gen (Heap memory): committed=470.00 MB, used=5.44 MB, max=512.00 MB, threshold=0.00 B
2021-09-29 03:48:59.906+0000 INFO  [o.n.k.i.DiagnosticsManager] Operating system information:
2021-09-29 03:48:59.909+0000 INFO  [o.n.k.i.DiagnosticsManager] Operating System: Linux; version: 5.10.47-linuxkit; arch: amd64; cpus: 4
2021-09-29 03:48:59.909+0000 INFO  [o.n.k.i.DiagnosticsManager] Max number of file descriptors: 1048576
2021-09-29 03:48:59.910+0000 INFO  [o.n.k.i.DiagnosticsManager] Number of open file descriptors: 97
2021-09-29 03:48:59.937+0000 INFO  [o.n.k.i.DiagnosticsManager] Process id: 1@50147aabe793
2021-09-29 03:48:59.938+0000 INFO  [o.n.k.i.DiagnosticsManager] Byte order: LITTLE_ENDIAN
2021-09-29 03:48:59.938+0000 INFO  [o.n.k.i.DiagnosticsManager] Local timezone: Etc/UTC
2021-09-29 03:48:59.939+0000 INFO  [o.n.k.i.DiagnosticsManager] JVM information:
2021-09-29 03:48:59.939+0000 INFO  [o.n.k.i.DiagnosticsManager] VM Name: OpenJDK 64-Bit Server VM
2021-09-29 03:48:59.939+0000 INFO  [o.n.k.i.DiagnosticsManager] VM Vendor: Oracle Corporation
2021-09-29 03:48:59.939+0000 INFO  [o.n.k.i.DiagnosticsManager] VM Version: 25.181-b13
2021-09-29 03:48:59.942+0000 INFO  [o.n.k.i.DiagnosticsManager] JIT compiler: HotSpot 64-Bit Tiered Compilers
2021-09-29 03:48:59.944+0000 INFO  [o.n.k.i.DiagnosticsManager] VM Arguments: [-Xms512m, -Xmx512m, -XX:+UseG1GC, -XX:-OmitStackTraceInFastThrow, -XX:hashCode=5, -XX:+AlwaysPreTouch, -XX:+UnlockExperimentalVMOptions, -XX:+TrustFinalNonStaticFields, -XX:+DisableExplicitGC, -Djdk.tls.ephemeralDHKeySize=2048, -Dunsupported.dbms.udc.source=tarball, -Dfile.encoding=UTF-8]
2021-09-29 03:48:59.944+0000 INFO  [o.n.k.i.DiagnosticsManager] Java classpath:
2021-09-29 03:48:59.958+0000 INFO  [o.n.k.i.DiagnosticsManager]  [bootstrap] /usr/lib/jvm/java-8-openjdk-amd64/jre/lib/jce.jar
2021-09-29 03:48:59.958+0000 INFO  [o.n.k.i.DiagnosticsManager]  [classpath + loader.0] file:/var/lib/neo4j/lib/neo4j-primitive-collections-3.0.12.jar
2021-09-29 03:48:59.959+0000 INFO  [o.n.k.i.DiagnosticsManager]  [classpath + loader.0] file:/var/lib/neo4j/lib/commons-lang3-3.3.2.jar
2021-09-29 03:48:59.959+0000 INFO  [o.n.k.i.DiagnosticsManager]  [classpath + loader.0] file:/var/lib/neo4j/lib/jetty-xml-9.2.22.v20170606.jar
2021-09-29 03:48:59.959+0000 INFO  [o.n.k.i.DiagnosticsManager]  [classpath + loader.0] file:/var/lib/neo4j/lib/neo4j-logging-3.0.12.jar
2021-09-29 03:48:59.960+0000 INFO  [o.n.k.i.DiagnosticsManager]  [loader.1] file:/usr/lib/jvm/java-8-openjdk-amd64/jre/lib/ext/java-atk-wrapper.jar
2021-09-29 03:48:59.965+0000 INFO  [o.n.k.i.DiagnosticsManager]  [classpath + loader.0] file:/var/lib/neo4j/lib/neo4j-unsafe-3.0.12.jar
2021-09-29 03:48:59.965+0000 INFO  [o.n.k.i.DiagnosticsManager]  [classpath + loader.0] file:/var/lib/neo4j/lib/scala-library-2.11.8.jar
2021-09-29 03:48:59.965+0000 INFO  [o.n.k.i.DiagnosticsManager]  [classpath + loader.0] file:/var/lib/neo4j/lib/lucene-queryparser-5.5.0.jar
2021-09-29 03:48:59.966+0000 INFO  [o.n.k.i.DiagnosticsManager]  [classpath + loader.0] file:/var/lib/neo4j/lib/jackson-core-asl-1.9.13.jar
2021-09-29 03:48:59.966+0000 INFO  [o.n.k.i.DiagnosticsManager]  [classpath + loader.0] file:/var/lib/neo4j/lib/jetty-security-9.2.22.v20170606.jar
2021-09-29 03:48:59.966+0000 INFO  [o.n.k.i.DiagnosticsManager]  [classpath + loader.0] file:/var/lib/neo4j/lib/server-api-3.0.12.jar
2021-09-29 03:48:59.966+0000 INFO  [o.n.k.i.DiagnosticsManager]  [loader.1] file:/usr/lib/jvm/java-8-openjdk-amd64/jre/lib/ext/nashorn.jar
2021-09-29 03:48:59.966+0000 INFO  [o.n.k.i.DiagnosticsManager]  [loader.1] file:/usr/lib/jvm/java-8-openjdk-amd64/jre/lib/ext/icedtea-sound.jar
2021-09-29 03:48:59.966+0000 INFO  [o.n.k.i.DiagnosticsManager]  [classpath + loader.0] file:/var/lib/neo4j/lib/neo4j-csv-3.0.12.jar
2021-09-29 03:48:59.966+0000 INFO  [o.n.k.i.DiagnosticsManager]  [classpath + loader.0] file:/var/lib/neo4j/lib/neo4j-kernel-3.0.12.jar
2021-09-29 03:48:59.967+0000 INFO  [o.n.k.i.DiagnosticsManager]  [classpath + loader.0] file:/var/lib/neo4j/lib/neo4j-cypher-compiler-3.0-3.0.12.jar
2021-09-29 03:48:59.967+0000 INFO  [o.n.k.i.DiagnosticsManager]  [classpath + loader.0] file:/var/lib/neo4j/lib/jline-2.12.jar
2021-09-29 03:48:59.967+0000 INFO  [o.n.k.i.DiagnosticsManager]  [classpath + loader.0] file:/var/lib/neo4j/lib/jetty-http-9.2.22.v20170606.jar
2021-09-29 03:48:59.967+0000 INFO  [o.n.k.i.DiagnosticsManager]  [classpath + loader.0] file:/var/lib/neo4j/lib/jersey-server-1.19.jar
2021-09-29 03:48:59.967+0000 INFO  [o.n.k.i.DiagnosticsManager]  [loader.1] file:/usr/lib/jvm/java-8-openjdk-amd64/jre/lib/ext/sunjce_provider.jar
2021-09-29 03:48:59.968+0000 INFO  [o.n.k.i.DiagnosticsManager]  [classpath + loader.0] file:/var/lib/neo4j/lib/scala-reflect-2.11.8.jar
2021-09-29 03:48:59.968+0000 INFO  [o.n.k.i.DiagnosticsManager]  [classpath + loader.0] file:/var/lib/neo4j/lib/commons-io-2.4.jar
2021-09-29 03:48:59.968+0000 INFO  [o.n.k.i.DiagnosticsManager]  [classpath + loader.0] file:/var/lib/neo4j/lib/concurrentlinkedhashmap-lru-1.4.2.jar
2021-09-29 03:48:59.968+0000 INFO  [o.n.k.i.DiagnosticsManager]  [classpath + loader.0] file:/var/lib/neo4j/conf/
2021-09-29 03:48:59.968+0000 INFO  [o.n.k.i.DiagnosticsManager]  [bootstrap] /usr/lib/jvm/java-8-openjdk-amd64/jre/lib/sunrsasign.jar
2021-09-29 03:48:59.968+0000 INFO  [o.n.k.i.DiagnosticsManager]  [classpath + loader.0] file:/var/lib/neo4j/lib/neo4j-cypher-compiler-2.3-2.3.11.jar
2021-09-29 03:48:59.968+0000 INFO  [o.n.k.i.DiagnosticsManager]  [classpath + loader.0] file:/var/lib/neo4j/lib/neo4j-graphdb-api-3.0.12.jar
2021-09-29 03:48:59.969+0000 INFO  [o.n.k.i.DiagnosticsManager]  [loader.1] file:/usr/lib/x86_64-linux-gnu/jni/libatk-wrapper.so.6.0.0
2021-09-29 03:48:59.969+0000 INFO  [o.n.k.i.DiagnosticsManager]  [classpath + loader.0] file:/var/lib/neo4j/lib/bcpkix-jdk15on-1.53.jar
2021-09-29 03:48:59.969+0000 INFO  [o.n.k.i.DiagnosticsManager]  [classpath + loader.0] file:/var/lib/neo4j/lib/neo4j-import-tool-3.0.12.jar
2021-09-29 03:48:59.970+0000 INFO  [o.n.k.i.DiagnosticsManager]  [classpath + loader.0] file:/var/lib/neo4j/lib/neo4j-command-line-3.0.12.jar
2021-09-29 03:48:59.970+0000 INFO  [o.n.k.i.DiagnosticsManager]  [classpath + loader.0] file:/var/lib/neo4j/lib/opencsv-2.3.jar
2021-09-29 03:48:59.970+0000 INFO  [o.n.k.i.DiagnosticsManager]  [classpath + loader.0] file:/var/lib/neo4j/lib/neo4j-dbms-3.0.12.jar
2021-09-29 03:48:59.971+0000 INFO  [o.n.k.i.DiagnosticsManager]  [classpath + loader.0] file:/var/lib/neo4j/lib/parboiled-scala_2.11-1.1.7.jar
2021-09-29 03:48:59.971+0000 INFO  [o.n.k.i.DiagnosticsManager]  [classpath + loader.0] file:/var/lib/neo4j/lib/jetty-server-9.2.22.v20170606.jar
2021-09-29 03:48:59.971+0000 INFO  [o.n.k.i.DiagnosticsManager]  [classpath + loader.0] file:/var/lib/neo4j/lib/jersey-servlet-1.19.jar
2021-09-29 03:48:59.971+0000 INFO  [o.n.k.i.DiagnosticsManager]  [bootstrap] /usr/lib/jvm/java-8-openjdk-amd64/jre/lib/jsse.jar
2021-09-29 03:48:59.971+0000 INFO  [o.n.k.i.DiagnosticsManager]  [classpath + loader.0] file:/var/lib/neo4j/lib/jetty-util-9.2.22.v20170606.jar
2021-09-29 03:48:59.971+0000 INFO  [o.n.k.i.DiagnosticsManager]  [classpath + loader.0] file:/var/lib/neo4j/lib/lucene-analyzers-common-5.5.0.jar
2021-09-29 03:48:59.971+0000 INFO  [o.n.k.i.DiagnosticsManager]  [classpath + loader.0] file:/var/lib/neo4j/lib/commons-beanutils-1.8.3.jar
2021-09-29 03:48:59.971+0000 INFO  [o.n.k.i.DiagnosticsManager]  [classpath + loader.0] file:/var/lib/neo4j/lib/asm-5.0.2.jar
2021-09-29 03:48:59.971+0000 INFO  [o.n.k.i.DiagnosticsManager]  [classpath + loader.0] file:/var/lib/neo4j/lib/neo4j-graph-matching-3.0.12.jar
2021-09-29 03:48:59.971+0000 INFO  [o.n.k.i.DiagnosticsManager]  [classpath + loader.0] file:/var/lib/neo4j/lib/neo4j-consistency-check-3.0.12.jar
2021-09-29 03:48:59.971+0000 INFO  [o.n.k.i.DiagnosticsManager]  [classpath + loader.0] file:/var/lib/neo4j/lib/neo4j-browser-1.1.9.jar
2021-09-29 03:48:59.971+0000 INFO  [o.n.k.i.DiagnosticsManager]  [loader.1] file:/usr/lib/jvm/java-8-openjdk-amd64/jre/lib/ext/localedata.jar
2021-09-29 03:48:59.971+0000 INFO  [o.n.k.i.DiagnosticsManager]  [loader.1] file:/usr/lib/jvm/java-8-openjdk-amd64/jre/lib/ext/jaccess.jar
2021-09-29 03:48:59.972+0000 INFO  [o.n.k.i.DiagnosticsManager]  [classpath + loader.0] file:/var/lib/neo4j/lib/jersey-core-1.19.jar
2021-09-29 03:48:59.972+0000 INFO  [o.n.k.i.DiagnosticsManager]  [loader.1] file:/usr/lib/jvm/java-8-openjdk-amd64/jre/lib/ext/sunpkcs11.jar
2021-09-29 03:48:59.972+0000 INFO  [o.n.k.i.DiagnosticsManager]  [classpath + loader.0] file:/var/lib/neo4j/lib/lucene-core-5.5.0.jar
2021-09-29 03:48:59.972+0000 INFO  [o.n.k.i.DiagnosticsManager]  [loader.1] file:/usr/lib/jvm/java-8-openjdk-amd64/jre/lib/ext/sunec.jar
2021-09-29 03:48:59.972+0000 INFO  [o.n.k.i.DiagnosticsManager]  [bootstrap] /usr/lib/jvm/java-8-openjdk-amd64/jre/lib/jfr.jar
2021-09-29 03:48:59.972+0000 INFO  [o.n.k.i.DiagnosticsManager]  [classpath + loader.0] file:/var/lib/neo4j/lib/commons-configuration-1.10.jar
2021-09-29 03:48:59.973+0000 INFO  [o.n.k.i.DiagnosticsManager]  [classpath + loader.0] file:/var/lib/neo4j/lib/neo4j-udc-3.0.12.jar
2021-09-29 03:48:59.973+0000 INFO  [o.n.k.i.DiagnosticsManager]  [classpath + loader.0] file:/var/lib/neo4j/lib/neo4j-io-3.0.12.jar
2021-09-29 03:48:59.973+0000 INFO  [o.n.k.i.DiagnosticsManager]  [loader.1] file:/usr/lib/jvm/java-8-openjdk-amd64/jre/lib/ext/cldrdata.jar
2021-09-29 03:48:59.973+0000 INFO  [o.n.k.i.DiagnosticsManager]  [bootstrap] /usr/lib/jvm/java-8-openjdk-amd64/jre/classes
2021-09-29 03:48:59.973+0000 INFO  [o.n.k.i.DiagnosticsManager]  [classpath + loader.0] file:/var/lib/neo4j/lib/lucene-codecs-5.5.0.jar
2021-09-29 03:48:59.973+0000 INFO  [o.n.k.i.DiagnosticsManager]  [classpath + loader.0] file:/var/lib/neo4j/lib/jackson-mapper-asl-1.9.13.jar
2021-09-29 03:48:59.973+0000 INFO  [o.n.k.i.DiagnosticsManager]  [loader.1] file:/usr/lib/jvm/java-8-openjdk-amd64/jre/lib/ext/zipfs.jar
2021-09-29 03:48:59.973+0000 INFO  [o.n.k.i.DiagnosticsManager]  [classpath + loader.0] file:/var/lib/neo4j/lib/jackson-jaxrs-1.9.13.jar
2021-09-29 03:48:59.973+0000 INFO  [o.n.k.i.DiagnosticsManager]  [bootstrap] /usr/lib/jvm/java-8-openjdk-amd64/jre/lib/resources.jar
2021-09-29 03:48:59.973+0000 INFO  [o.n.k.i.DiagnosticsManager]  [classpath + loader.0] file:/var/lib/neo4j/lib/neo4j-bolt-3.0.12.jar
2021-09-29 03:48:59.974+0000 INFO  [o.n.k.i.DiagnosticsManager]  [classpath + loader.0] file:/var/lib/neo4j/lib/neo4j-shell-3.0.12.jar
2021-09-29 03:48:59.974+0000 INFO  [o.n.k.i.DiagnosticsManager]  [classpath + loader.0] file:/var/lib/neo4j/lib/neo4j-resource-3.0.12.jar
2021-09-29 03:48:59.977+0000 INFO  [o.n.k.i.DiagnosticsManager]  [classpath + loader.0] file:/var/lib/neo4j/plugins/*
2021-09-29 03:48:59.977+0000 INFO  [o.n.k.i.DiagnosticsManager]  [classpath + loader.0] file:/var/lib/neo4j/lib/neo4j-collections-3.0.12.jar
2021-09-29 03:48:59.978+0000 INFO  [o.n.k.i.DiagnosticsManager]  [classpath + loader.0] file:/var/lib/neo4j/lib/neo4j-common-3.0.12.jar
2021-09-29 03:48:59.978+0000 INFO  [o.n.k.i.DiagnosticsManager]  [classpath + loader.0] file:/var/lib/neo4j/lib/neo4j-jmx-3.0.12.jar
2021-09-29 03:48:59.978+0000 INFO  [o.n.k.i.DiagnosticsManager]  [classpath + loader.0] file:/var/lib/neo4j/lib/neo4j-security-3.0.12.jar
2021-09-29 03:48:59.978+0000 INFO  [o.n.k.i.DiagnosticsManager]  [classpath + loader.0] file:/var/lib/neo4j/lib/jsr311-api-1.1.2.r612.jar
2021-09-29 03:48:59.978+0000 INFO  [o.n.k.i.DiagnosticsManager]  [classpath + loader.0] file:/var/lib/neo4j/lib/jersey-multipart-1.19.jar
2021-09-29 03:48:59.978+0000 INFO  [o.n.k.i.DiagnosticsManager]  [classpath + loader.0] file:/var/lib/neo4j/lib/bcprov-jdk15on-1.53.jar
2021-09-29 03:48:59.978+0000 INFO  [o.n.k.i.DiagnosticsManager]  [classpath + loader.0] file:/var/lib/neo4j/lib/neo4j-codegen-3.0.12.jar
2021-09-29 03:48:59.978+0000 INFO  [o.n.k.i.DiagnosticsManager]  [classpath + loader.0] file:/var/lib/neo4j/lib/jetty-webapp-9.2.22.v20170606.jar
2021-09-29 03:48:59.978+0000 INFO  [o.n.k.i.DiagnosticsManager]  [classpath + loader.0] file:/var/lib/neo4j/lib/netty-all-4.0.28.Final.jar
2021-09-29 03:48:59.978+0000 INFO  [o.n.k.i.DiagnosticsManager]  [classpath + loader.0] file:/var/lib/neo4j/lib/javax.servlet-api-3.1.0.jar
2021-09-29 03:48:59.978+0000 INFO  [o.n.k.i.DiagnosticsManager]  [classpath + loader.0] file:/var/lib/neo4j/lib/commons-digester-2.1.jar
2021-09-29 03:48:59.978+0000 INFO  [o.n.k.i.DiagnosticsManager]  [classpath + loader.0] file:/var/lib/neo4j/lib/neo4j-server-3.0.12.jar
2021-09-29 03:48:59.979+0000 INFO  [o.n.k.i.DiagnosticsManager]  [classpath + loader.0] file:/var/lib/neo4j/lib/neo4j-graph-algo-3.0.12.jar
2021-09-29 03:48:59.979+0000 INFO  [o.n.k.i.DiagnosticsManager]  [loader.1] file:/usr/lib/jvm/java-8-openjdk-amd64/jre/lib/ext/dnsns.jar
2021-09-29 03:48:59.979+0000 INFO  [o.n.k.i.DiagnosticsManager]  [classpath + loader.0] file:/var/lib/neo4j/lib/neo4j-cypher-3.0.12.jar
2021-09-29 03:48:59.979+0000 INFO  [o.n.k.i.DiagnosticsManager]  [classpath + loader.0] file:/var/lib/neo4j/plugins/
2021-09-29 03:48:59.979+0000 INFO  [o.n.k.i.DiagnosticsManager]  [classpath + loader.0] file:/var/lib/neo4j/lib/neo4j-cypher-frontend-2.3-2.3.11.jar
2021-09-29 03:48:59.979+0000 INFO  [o.n.k.i.DiagnosticsManager]  [classpath + loader.0] file:/var/lib/neo4j/lib/commons-logging-1.1.1.jar
2021-09-29 03:48:59.979+0000 INFO  [o.n.k.i.DiagnosticsManager]  [classpath + loader.0] file:/var/lib/neo4j/lib/neo4j-cypher-frontend-3.0-3.0.12.jar
2021-09-29 03:48:59.979+0000 INFO  [o.n.k.i.DiagnosticsManager]  [classpath + loader.0] file:/var/lib/neo4j/lib/jetty-servlet-9.2.22.v20170606.jar
2021-09-29 03:48:59.979+0000 INFO  [o.n.k.i.DiagnosticsManager]  [bootstrap] /usr/lib/jvm/java-8-openjdk-amd64/jre/lib/charsets.jar
2021-09-29 03:48:59.980+0000 INFO  [o.n.k.i.DiagnosticsManager]  [classpath + loader.0] file:/var/lib/neo4j/lib/neo4j-lucene-upgrade-3.0.12.jar
2021-09-29 03:48:59.980+0000 INFO  [o.n.k.i.DiagnosticsManager]  [classpath + loader.0] file:/var/lib/neo4j/lib/commons-lang-2.6.jar
2021-09-29 03:48:59.980+0000 INFO  [o.n.k.i.DiagnosticsManager]  [classpath + loader.0] file:/var/lib/neo4j/lib/parboiled-core-1.1.7.jar
2021-09-29 03:48:59.980+0000 INFO  [o.n.k.i.DiagnosticsManager]  [classpath + loader.0] file:/var/lib/neo4j/lib/neo4j-lucene-index-3.0.12.jar
2021-09-29 03:48:59.980+0000 INFO  [o.n.k.i.DiagnosticsManager]  [classpath + loader.0] file:/var/lib/neo4j/lib/jetty-io-9.2.22.v20170606.jar
2021-09-29 03:48:59.980+0000 INFO  [o.n.k.i.DiagnosticsManager]  [classpath + loader.0] file:/var/lib/neo4j/lib/rhino-1.7R4.jar
2021-09-29 03:48:59.980+0000 INFO  [o.n.k.i.DiagnosticsManager]  [bootstrap] /usr/lib/jvm/java-8-openjdk-amd64/jre/lib/rt.jar
2021-09-29 03:48:59.980+0000 INFO  [o.n.k.i.DiagnosticsManager]  [classpath + loader.0] file:/var/lib/neo4j/lib/mimepull-1.9.3.jar
2021-09-29 03:48:59.980+0000 INFO  [o.n.k.i.DiagnosticsManager] Library path:
2021-09-29 03:48:59.981+0000 INFO  [o.n.k.i.DiagnosticsManager] /usr/java/packages/lib/amd64
2021-09-29 03:48:59.981+0000 INFO  [o.n.k.i.DiagnosticsManager] /usr/lib/x86_64-linux-gnu/jni
2021-09-29 03:48:59.981+0000 INFO  [o.n.k.i.DiagnosticsManager] /lib/x86_64-linux-gnu
2021-09-29 03:48:59.981+0000 INFO  [o.n.k.i.DiagnosticsManager] /usr/lib/x86_64-linux-gnu
2021-09-29 03:48:59.982+0000 INFO  [o.n.k.i.DiagnosticsManager] /usr/lib/jni
2021-09-29 03:48:59.982+0000 INFO  [o.n.k.i.DiagnosticsManager] /lib
2021-09-29 03:48:59.982+0000 INFO  [o.n.k.i.DiagnosticsManager] /usr/lib
2021-09-29 03:48:59.982+0000 INFO  [o.n.k.i.DiagnosticsManager] System.properties:
2021-09-29 03:48:59.983+0000 INFO  [o.n.k.i.DiagnosticsManager] sun.boot.library.path = /usr/lib/jvm/java-8-openjdk-amd64/jre/lib/amd64
2021-09-29 03:48:59.983+0000 INFO  [o.n.k.i.DiagnosticsManager] path.separator = :
2021-09-29 03:48:59.983+0000 INFO  [o.n.k.i.DiagnosticsManager] file.encoding.pkg = sun.io
2021-09-29 03:48:59.983+0000 INFO  [o.n.k.i.DiagnosticsManager] sun.java.launcher = SUN_STANDARD
2021-09-29 03:48:59.984+0000 INFO  [o.n.k.i.DiagnosticsManager] sun.os.patch.level = unknown
2021-09-29 03:48:59.984+0000 INFO  [o.n.k.i.DiagnosticsManager] user.dir = /var/lib/neo4j
2021-09-29 03:48:59.984+0000 INFO  [o.n.k.i.DiagnosticsManager] sun.jnu.encoding = UTF-8
2021-09-29 03:48:59.984+0000 INFO  [o.n.k.i.DiagnosticsManager] unsupported.dbms.udc.source = tarball
2021-09-29 03:48:59.984+0000 INFO  [o.n.k.i.DiagnosticsManager] sun.management.compiler = HotSpot 64-Bit Tiered Compilers
2021-09-29 03:48:59.984+0000 INFO  [o.n.k.i.DiagnosticsManager] user.home = /root
2021-09-29 03:48:59.984+0000 INFO  [o.n.k.i.DiagnosticsManager] user.timezone = Etc/UTC
2021-09-29 03:48:59.984+0000 INFO  [o.n.k.i.DiagnosticsManager] file.encoding = UTF-8
2021-09-29 03:48:59.984+0000 INFO  [o.n.k.i.DiagnosticsManager] user.name = root
2021-09-29 03:48:59.984+0000 INFO  [o.n.k.i.DiagnosticsManager] sun.java.command = org.neo4j.server.CommunityEntryPoint --home-dir=/var/lib/neo4j --config-dir=/var/lib/neo4j/conf
2021-09-29 03:48:59.984+0000 INFO  [o.n.k.i.DiagnosticsManager] sun.arch.data.model = 64
2021-09-29 03:48:59.985+0000 INFO  [o.n.k.i.DiagnosticsManager] user.language = en
2021-09-29 03:48:59.985+0000 INFO  [o.n.k.i.DiagnosticsManager] awt.toolkit = sun.awt.X11.XToolkit
2021-09-29 03:48:59.985+0000 INFO  [o.n.k.i.DiagnosticsManager] jdk.tls.ephemeralDHKeySize = 2048
2021-09-29 03:48:59.985+0000 INFO  [o.n.k.i.DiagnosticsManager] file.separator = /
2021-09-29 03:48:59.985+0000 INFO  [o.n.k.i.DiagnosticsManager] sun.io.unicode.encoding = UnicodeLittle
2021-09-29 03:48:59.985+0000 INFO  [o.n.k.i.DiagnosticsManager] sun.cpu.endian = little
2021-09-29 03:48:59.985+0000 INFO  [o.n.k.i.DiagnosticsManager] sun.cpu.isalist = 
2021-09-29 03:48:59.985+0000 INFO  [o.n.k.i.DiagnosticsManager] Linux scheduler information:
2021-09-29 03:49:00.043+0000 INFO  [o.n.k.i.DiagnosticsManager] [mq-deadline] kyber bfq none
2021-09-29 03:49:00.044+0000 INFO  [o.n.k.i.DiagnosticsManager] none
2021-09-29 03:49:00.045+0000 INFO  [o.n.k.i.DiagnosticsManager] [mq-deadline] kyber bfq none
2021-09-29 03:49:00.045+0000 INFO  [o.n.k.i.DiagnosticsManager] [mq-deadline] kyber bfq none
2021-09-29 03:49:00.046+0000 INFO  [o.n.k.i.DiagnosticsManager] none
2021-09-29 03:49:00.046+0000 INFO  [o.n.k.i.DiagnosticsManager] [mq-deadline] kyber bfq none
2021-09-29 03:49:00.047+0000 INFO  [o.n.k.i.DiagnosticsManager] [mq-deadline] kyber bfq none
2021-09-29 03:49:00.047+0000 INFO  [o.n.k.i.DiagnosticsManager] none
2021-09-29 03:49:00.048+0000 INFO  [o.n.k.i.DiagnosticsManager] [mq-deadline] kyber bfq none
2021-09-29 03:49:00.049+0000 INFO  [o.n.k.i.DiagnosticsManager] [mq-deadline] kyber bfq none
2021-09-29 03:49:00.049+0000 INFO  [o.n.k.i.DiagnosticsManager] none
2021-09-29 03:49:00.054+0000 INFO  [o.n.k.i.DiagnosticsManager] none
2021-09-29 03:49:00.054+0000 INFO  [o.n.k.i.DiagnosticsManager] [mq-deadline] kyber bfq none
2021-09-29 03:49:00.055+0000 INFO  [o.n.k.i.DiagnosticsManager] [mq-deadline] kyber bfq none
2021-09-29 03:49:00.055+0000 INFO  [o.n.k.i.DiagnosticsManager] none
2021-09-29 03:49:00.056+0000 INFO  [o.n.k.i.DiagnosticsManager] none
2021-09-29 03:49:00.056+0000 INFO  [o.n.k.i.DiagnosticsManager] [mq-deadline] kyber bfq none
2021-09-29 03:49:00.057+0000 INFO  [o.n.k.i.DiagnosticsManager] [mq-deadline] kyber bfq none
2021-09-29 03:49:00.057+0000 INFO  [o.n.k.i.DiagnosticsManager] none
2021-09-29 03:49:00.058+0000 INFO  [o.n.k.i.DiagnosticsManager] none
2021-09-29 03:49:00.059+0000 INFO  [o.n.k.i.DiagnosticsManager] [mq-deadline] kyber bfq none
2021-09-29 03:49:00.059+0000 INFO  [o.n.k.i.DiagnosticsManager] [mq-deadline] kyber bfq none
2021-09-29 03:49:00.060+0000 INFO  [o.n.k.i.DiagnosticsManager] none
2021-09-29 03:49:00.060+0000 INFO  [o.n.k.i.DiagnosticsManager] [mq-deadline] kyber bfq none
2021-09-29 03:49:00.061+0000 INFO  [o.n.k.i.DiagnosticsManager] [mq-deadline] kyber bfq none
2021-09-29 03:49:00.062+0000 INFO  [o.n.k.i.DiagnosticsManager] [mq-deadline] kyber bfq none
2021-09-29 03:49:00.063+0000 INFO  [o.n.k.i.DiagnosticsManager] [mq-deadline] kyber bfq none
2021-09-29 03:49:00.064+0000 INFO  [o.n.k.i.DiagnosticsManager] [mq-deadline] kyber bfq none
2021-09-29 03:49:00.064+0000 INFO  [o.n.k.i.DiagnosticsManager] none
2021-09-29 03:49:00.065+0000 INFO  [o.n.k.i.DiagnosticsManager] none
2021-09-29 03:49:00.065+0000 INFO  [o.n.k.i.DiagnosticsManager] [mq-deadline] kyber bfq none
2021-09-29 03:49:00.066+0000 INFO  [o.n.k.i.DiagnosticsManager] [mq-deadline] kyber bfq none
2021-09-29 03:49:00.067+0000 INFO  [o.n.k.i.DiagnosticsManager] [mq-deadline] kyber bfq none
2021-09-29 03:49:00.068+0000 INFO  [o.n.k.i.DiagnosticsManager] none
2021-09-29 03:49:00.069+0000 INFO  [o.n.k.i.DiagnosticsManager] [mq-deadline] kyber bfq none
2021-09-29 03:49:00.069+0000 INFO  [o.n.k.i.DiagnosticsManager] none
2021-09-29 03:49:00.070+0000 INFO  [o.n.k.i.DiagnosticsManager] [mq-deadline] kyber bfq none
2021-09-29 03:49:00.070+0000 INFO  [o.n.k.i.DiagnosticsManager] [mq-deadline] kyber bfq none
2021-09-29 03:49:00.070+0000 INFO  [o.n.k.i.DiagnosticsManager] none
2021-09-29 03:49:00.071+0000 INFO  [o.n.k.i.DiagnosticsManager] none
2021-09-29 03:49:00.071+0000 INFO  [o.n.k.i.DiagnosticsManager] [mq-deadline] kyber bfq none
2021-09-29 03:49:00.071+0000 INFO  [o.n.k.i.DiagnosticsManager] Network information:
2021-09-29 03:49:00.078+0000 INFO  [o.n.k.i.DiagnosticsManager] Interface eth0:
2021-09-29 03:49:00.080+0000 INFO  [o.n.k.i.DiagnosticsManager]     address: 172.19.0.2
2021-09-29 03:49:00.080+0000 INFO  [o.n.k.i.DiagnosticsManager] Interface lo:
2021-09-29 03:49:00.080+0000 INFO  [o.n.k.i.DiagnosticsManager]     address: 127.0.0.1
2021-09-29 03:49:00.080+0000 INFO  [o.n.k.i.DiagnosticsManager] --- INITIALIZED diagnostics END ---
2021-09-29 03:49:01.429+0000 INFO  [o.n.b.v.r.Sessions] Bolt Server extension loaded.
2021-09-29 03:49:01.439+0000 INFO  [o.n.b.v.r.Sessions] Bolt enabled on 0.0.0.0:7687.
2021-09-29 03:49:02.071+0000 INFO  [o.n.k.i.s.f.RecordFormatSelector] Selected RecordFormat:StandardV3_0[v0.A.7] record format from store /var/lib/neo4j/data/databases/graph.db
2021-09-29 03:49:02.274+0000 INFO  [o.n.k.i.s.f.RecordFormatSelector] Format not configured. Selected format from the store: RecordFormat:StandardV3_0[v0.A.7]
2021-09-29 03:49:04.943+0000 INFO  [o.n.k.i.DatabaseHealth] Database health set to OK
2021-09-29 03:49:08.473+0000 INFO  [o.n.k.AvailabilityGuard] Fulfilling of requirement makes database available: Database available
2021-09-29 03:49:08.483+0000 INFO  [o.n.k.i.f.CommunityFacadeFactory] Database is now ready
2021-09-29 03:49:08.497+0000 INFO  [o.n.k.i.DiagnosticsManager] --- STARTED diagnostics for KernelDiagnostics:Versions START ---
2021-09-29 03:49:08.503+0000 INFO  [o.n.k.i.DiagnosticsManager] Graph Database: community single StoreId{creationTime=1632886890673, randomId=-7822591496872884694, storeVersion=15531981201765894, upgradeTime=1632886890673, upgradeId=1}
2021-09-29 03:49:08.508+0000 INFO  [o.n.k.i.DiagnosticsManager] Kernel version: 3.0.12,6edbf02a93b89e10763f4868257911e9dac2377b
2021-09-29 03:49:08.514+0000 INFO  [o.n.k.i.DiagnosticsManager] --- STARTED diagnostics for KernelDiagnostics:Versions END ---
2021-09-29 03:49:08.538+0000 INFO  [o.n.k.i.DiagnosticsManager] --- STARTED diagnostics for NEO_STORE_VERSIONS START ---
2021-09-29 03:49:08.543+0000 INFO  [o.n.k.i.DiagnosticsManager] Store versions:
2021-09-29 03:49:08.549+0000 INFO  [o.n.k.i.DiagnosticsManager] Store versions:
2021-09-29 03:49:08.554+0000 INFO  [o.n.k.i.DiagnosticsManager]   ArrayPropertyStore v0.A.7
2021-09-29 03:49:08.560+0000 INFO  [o.n.k.i.DiagnosticsManager]   NodeStore v0.A.7
2021-09-29 03:49:08.565+0000 INFO  [o.n.k.i.DiagnosticsManager]   StringPropertyStore v0.A.7
2021-09-29 03:49:08.575+0000 INFO  [o.n.k.i.DiagnosticsManager]   PropertyIndexStore v0.A.7
2021-09-29 03:49:08.585+0000 INFO  [o.n.k.i.DiagnosticsManager]   StringPropertyStore v0.A.7
2021-09-29 03:49:08.591+0000 INFO  [o.n.k.i.DiagnosticsManager]   ArrayPropertyStore v0.A.7
2021-09-29 03:49:08.598+0000 INFO  [o.n.k.i.DiagnosticsManager]   PropertyStore v0.A.7
2021-09-29 03:49:08.604+0000 INFO  [o.n.k.i.DiagnosticsManager]   RelationshipStore v0.A.7
2021-09-29 03:49:08.611+0000 INFO  [o.n.k.i.DiagnosticsManager]   StringPropertyStore v0.A.7
2021-09-29 03:49:08.619+0000 INFO  [o.n.k.i.DiagnosticsManager]   RelationshipTypeStore v0.A.7
2021-09-29 03:49:08.627+0000 INFO  [o.n.k.i.DiagnosticsManager]   StringPropertyStore v0.A.7
2021-09-29 03:49:08.633+0000 INFO  [o.n.k.i.DiagnosticsManager]   LabelTokenStore v0.A.7
2021-09-29 03:49:08.638+0000 INFO  [o.n.k.i.DiagnosticsManager]   SchemaStore v0.A.7
2021-09-29 03:49:08.644+0000 INFO  [o.n.k.i.DiagnosticsManager]   RelationshipGroupStore v0.A.7
2021-09-29 03:49:08.649+0000 INFO  [o.n.k.i.DiagnosticsManager]   NeoStore v0.A.7
2021-09-29 03:49:08.655+0000 INFO  [o.n.k.i.DiagnosticsManager] --- STARTED diagnostics for NEO_STORE_VERSIONS END ---
2021-09-29 03:49:08.662+0000 INFO  [o.n.k.i.DiagnosticsManager] --- STARTED diagnostics for NEO_STORE_ID_USAGE START ---
2021-09-29 03:49:08.666+0000 INFO  [o.n.k.i.DiagnosticsManager] Id usage:
2021-09-29 03:49:08.671+0000 INFO  [o.n.k.i.DiagnosticsManager] Id usage:
2021-09-29 03:49:08.683+0000 INFO  [o.n.k.i.DiagnosticsManager]   ArrayPropertyStore: used=1 high=0
2021-09-29 03:49:08.690+0000 INFO  [o.n.k.i.DiagnosticsManager]   NodeStore: used=0 high=-1
2021-09-29 03:49:08.695+0000 INFO  [o.n.k.i.DiagnosticsManager]   StringPropertyStore: used=1 high=0
2021-09-29 03:49:08.700+0000 INFO  [o.n.k.i.DiagnosticsManager]   PropertyIndexStore: used=0 high=-1
2021-09-29 03:49:08.705+0000 INFO  [o.n.k.i.DiagnosticsManager]   StringPropertyStore: used=1 high=0
2021-09-29 03:49:08.710+0000 INFO  [o.n.k.i.DiagnosticsManager]   ArrayPropertyStore: used=1 high=0
2021-09-29 03:49:08.714+0000 INFO  [o.n.k.i.DiagnosticsManager]   PropertyStore: used=0 high=-1
2021-09-29 03:49:08.719+0000 INFO  [o.n.k.i.DiagnosticsManager]   RelationshipStore: used=0 high=-1
2021-09-29 03:49:08.725+0000 INFO  [o.n.k.i.DiagnosticsManager]   StringPropertyStore: used=1 high=0
2021-09-29 03:49:08.730+0000 INFO  [o.n.k.i.DiagnosticsManager]   RelationshipTypeStore: used=0 high=-1
2021-09-29 03:49:08.734+0000 INFO  [o.n.k.i.DiagnosticsManager]   StringPropertyStore: used=1 high=0
2021-09-29 03:49:08.739+0000 INFO  [o.n.k.i.DiagnosticsManager]   LabelTokenStore: used=0 high=-1
2021-09-29 03:49:08.744+0000 INFO  [o.n.k.i.DiagnosticsManager]   SchemaStore: used=1 high=0
2021-09-29 03:49:08.749+0000 INFO  [o.n.k.i.DiagnosticsManager]   RelationshipGroupStore: used=1 high=0
2021-09-29 03:49:08.754+0000 INFO  [o.n.k.i.DiagnosticsManager]   NeoStore: used=15 high=14
2021-09-29 03:49:08.758+0000 INFO  [o.n.k.i.DiagnosticsManager] --- STARTED diagnostics for NEO_STORE_ID_USAGE END ---
2021-09-29 03:49:08.763+0000 INFO  [o.n.k.i.DiagnosticsManager] --- STARTED diagnostics for NEO_STORE_RECORDS START ---
2021-09-29 03:49:08.769+0000 INFO  [o.n.k.i.DiagnosticsManager] Neostore records:
2021-09-29 03:49:08.778+0000 INFO  [o.n.k.i.DiagnosticsManager] TIME (Creation time): 1632886890673
2021-09-29 03:49:08.782+0000 INFO  [o.n.k.i.DiagnosticsManager] RANDOM_NUMBER (Random number for store id): -7822591496872884694
2021-09-29 03:49:08.788+0000 INFO  [o.n.k.i.DiagnosticsManager] LOG_VERSION (Current log version): 0
2021-09-29 03:49:08.793+0000 INFO  [o.n.k.i.DiagnosticsManager] LAST_TRANSACTION_ID (Last committed transaction): 1
2021-09-29 03:49:08.799+0000 INFO  [o.n.k.i.DiagnosticsManager] STORE_VERSION (Store format version): 15531981201765894
2021-09-29 03:49:08.805+0000 INFO  [o.n.k.i.DiagnosticsManager] FIRST_GRAPH_PROPERTY (First property record containing graph properties): -1
2021-09-29 03:49:08.811+0000 INFO  [o.n.k.i.DiagnosticsManager] LAST_CONSTRAINT_TRANSACTION (Last committed transaction containing constraint changes): 0
2021-09-29 03:49:08.816+0000 INFO  [o.n.k.i.DiagnosticsManager] UPGRADE_TRANSACTION_ID (Transaction id most recent upgrade was performed at): 1
2021-09-29 03:49:08.823+0000 INFO  [o.n.k.i.DiagnosticsManager] UPGRADE_TIME (Time of last upgrade): 1632886890673
2021-09-29 03:49:08.828+0000 INFO  [o.n.k.i.DiagnosticsManager] LAST_TRANSACTION_CHECKSUM (Checksum of last committed transaction): 0
2021-09-29 03:49:08.833+0000 INFO  [o.n.k.i.DiagnosticsManager] UPGRADE_TRANSACTION_CHECKSUM (Checksum of transaction id the most recent upgrade was performed at): 0
2021-09-29 03:49:08.838+0000 INFO  [o.n.k.i.DiagnosticsManager] LAST_CLOSED_TRANSACTION_LOG_VERSION (Log version where the last transaction commit entry has been written into): 0
2021-09-29 03:49:08.843+0000 INFO  [o.n.k.i.DiagnosticsManager] LAST_CLOSED_TRANSACTION_LOG_BYTE_OFFSET (Byte offset in the log file where the last transaction commit entry has been written into): 16
2021-09-29 03:49:08.848+0000 INFO  [o.n.k.i.DiagnosticsManager] LAST_TRANSACTION_COMMIT_TIMESTAMP (Commit time timestamp for last committed transaction): 0
2021-09-29 03:49:08.854+0000 INFO  [o.n.k.i.DiagnosticsManager] UPGRADE_TRANSACTION_COMMIT_TIMESTAMP (Commit timestamp of transaction the most recent upgrade was performed at): 0
2021-09-29 03:49:08.860+0000 INFO  [o.n.k.i.DiagnosticsManager] --- STARTED diagnostics for NEO_STORE_RECORDS END ---
2021-09-29 03:49:08.871+0000 INFO  [o.n.k.i.DiagnosticsManager] --- STARTED diagnostics for TRANSACTION_RANGE START ---
2021-09-29 03:49:08.876+0000 INFO  [o.n.k.i.DiagnosticsManager] Transaction log:
2021-09-29 03:49:08.890+0000 INFO  [o.n.k.i.DiagnosticsManager] Oldest transaction 2 found in log with version 0
2021-09-29 03:49:08.895+0000 INFO  [o.n.k.i.DiagnosticsManager] --- STARTED diagnostics for TRANSACTION_RANGE END ---
2021-09-29 03:49:08.902+0000 INFO  [o.n.k.i.DiagnosticsManager] --- STARTED diagnostics for KernelDiagnostics:StoreFiles START ---
2021-09-29 03:49:08.915+0000 INFO  [o.n.k.i.DiagnosticsManager] Disk space on partition (Total / Free / Free %): 186000580608 / 36298166272 / 19
Storage files: (filename : modification date - size)
2021-09-29 03:49:08.928+0000 INFO  [o.n.k.i.DiagnosticsManager]   index:
2021-09-29 03:49:08.935+0000 INFO  [o.n.k.i.DiagnosticsManager]   - Total: 2021-09-29T03:41:31+0000 - 0.00 B
2021-09-29 03:49:08.944+0000 INFO  [o.n.k.i.DiagnosticsManager]   neostore: 2021-09-29T03:41:30+0000 - 8.00 kB
2021-09-29 03:49:08.950+0000 INFO  [o.n.k.i.DiagnosticsManager]   neostore.counts.db.a: 2021-09-29T03:41:32+0000 - 96.00 B
2021-09-29 03:49:08.955+0000 INFO  [o.n.k.i.DiagnosticsManager]   neostore.id: 2021-09-29T03:49:03+0000 - 9.00 B
2021-09-29 03:49:08.962+0000 INFO  [o.n.k.i.DiagnosticsManager]   neostore.labeltokenstore.db: 2021-09-29T03:41:30+0000 - 0.00 B
2021-09-29 03:49:08.967+0000 INFO  [o.n.k.i.DiagnosticsManager]   neostore.labeltokenstore.db.id: 2021-09-29T03:49:02+0000 - 9.00 B
2021-09-29 03:49:08.978+0000 INFO  [o.n.k.i.DiagnosticsManager]   neostore.labeltokenstore.db.names: 2021-09-29T03:41:30+0000 - 8.00 kB
2021-09-29 03:49:08.984+0000 INFO  [o.n.k.i.DiagnosticsManager]   neostore.labeltokenstore.db.names.id: 2021-09-29T03:49:02+0000 - 9.00 B
2021-09-29 03:49:08.990+0000 INFO  [o.n.k.i.DiagnosticsManager]   neostore.nodestore.db: 2021-09-29T03:41:29+0000 - 0.00 B
2021-09-29 03:49:08.996+0000 INFO  [o.n.k.i.DiagnosticsManager]   neostore.nodestore.db.id: 2021-09-29T03:49:02+0000 - 9.00 B
2021-09-29 03:49:09.002+0000 INFO  [o.n.k.i.DiagnosticsManager]   neostore.nodestore.db.labels: 2021-09-29T03:41:29+0000 - 8.00 kB
2021-09-29 03:49:09.007+0000 INFO  [o.n.k.i.DiagnosticsManager]   neostore.nodestore.db.labels.id: 2021-09-29T03:49:02+0000 - 9.00 B
2021-09-29 03:49:09.011+0000 INFO  [o.n.k.i.DiagnosticsManager]   neostore.propertystore.db: 2021-09-29T03:41:30+0000 - 0.00 B
2021-09-29 03:49:09.016+0000 INFO  [o.n.k.i.DiagnosticsManager]   neostore.propertystore.db.arrays: 2021-09-29T03:41:30+0000 - 8.00 kB
2021-09-29 03:49:09.020+0000 INFO  [o.n.k.i.DiagnosticsManager]   neostore.propertystore.db.arrays.id: 2021-09-29T03:49:02+0000 - 9.00 B
2021-09-29 03:49:09.031+0000 INFO  [o.n.k.i.DiagnosticsManager]   neostore.propertystore.db.id: 2021-09-29T03:49:02+0000 - 9.00 B
2021-09-29 03:49:09.037+0000 INFO  [o.n.k.i.DiagnosticsManager]   neostore.propertystore.db.index: 2021-09-29T03:41:29+0000 - 0.00 B
2021-09-29 03:49:09.046+0000 INFO  [o.n.k.i.DiagnosticsManager]   neostore.propertystore.db.index.id: 2021-09-29T03:49:02+0000 - 9.00 B
2021-09-29 03:49:09.053+0000 INFO  [o.n.k.i.DiagnosticsManager]   neostore.propertystore.db.index.keys: 2021-09-29T03:41:29+0000 - 8.00 kB
2021-09-29 03:49:09.058+0000 INFO  [o.n.k.i.DiagnosticsManager]   neostore.propertystore.db.index.keys.id: 2021-09-29T03:49:02+0000 - 9.00 B
2021-09-29 03:49:09.063+0000 INFO  [o.n.k.i.DiagnosticsManager]   neostore.propertystore.db.strings: 2021-09-29T03:41:29+0000 - 8.00 kB
2021-09-29 03:49:09.068+0000 INFO  [o.n.k.i.DiagnosticsManager]   neostore.propertystore.db.strings.id: 2021-09-29T03:49:02+0000 - 9.00 B
2021-09-29 03:49:09.076+0000 INFO  [o.n.k.i.DiagnosticsManager]   neostore.relationshipgroupstore.db: 2021-09-29T03:41:30+0000 - 8.00 kB
2021-09-29 03:49:09.082+0000 INFO  [o.n.k.i.DiagnosticsManager]   neostore.relationshipgroupstore.db.id: 2021-09-29T03:49:02+0000 - 9.00 B
2021-09-29 03:49:09.086+0000 INFO  [o.n.k.i.DiagnosticsManager]   neostore.relationshipstore.db: 2021-09-29T03:41:30+0000 - 0.00 B
2021-09-29 03:49:09.091+0000 INFO  [o.n.k.i.DiagnosticsManager]   neostore.relationshipstore.db.id: 2021-09-29T03:49:02+0000 - 9.00 B
2021-09-29 03:49:09.095+0000 INFO  [o.n.k.i.DiagnosticsManager]   neostore.relationshiptypestore.db: 2021-09-29T03:41:30+0000 - 0.00 B
2021-09-29 03:49:09.112+0000 INFO  [o.n.k.i.DiagnosticsManager]   neostore.relationshiptypestore.db.id: 2021-09-29T03:49:02+0000 - 9.00 B
2021-09-29 03:49:09.118+0000 INFO  [o.n.k.i.DiagnosticsManager]   neostore.relationshiptypestore.db.names: 2021-09-29T03:41:30+0000 - 8.00 kB
2021-09-29 03:49:09.123+0000 INFO  [o.n.k.i.DiagnosticsManager]   neostore.relationshiptypestore.db.names.id: 2021-09-29T03:49:02+0000 - 9.00 B
2021-09-29 03:49:09.129+0000 INFO  [o.n.k.i.DiagnosticsManager]   neostore.schemastore.db: 2021-09-29T03:41:30+0000 - 8.00 kB
2021-09-29 03:49:09.136+0000 INFO  [o.n.k.i.DiagnosticsManager]   neostore.schemastore.db.id: 2021-09-29T03:49:02+0000 - 9.00 B
2021-09-29 03:49:09.142+0000 INFO  [o.n.k.i.DiagnosticsManager]   neostore.transaction.db.0: 2021-09-29T03:48:50+0000 - 70.00 B
2021-09-29 03:49:09.145+0000 INFO  [o.n.k.i.DiagnosticsManager]   schema:
2021-09-29 03:49:09.152+0000 INFO  [o.n.k.i.DiagnosticsManager]     label:
2021-09-29 03:49:09.158+0000 INFO  [o.n.k.i.DiagnosticsManager]       lucene:
2021-09-29 03:49:09.164+0000 INFO  [o.n.k.i.DiagnosticsManager]         labelStore:
2021-09-29 03:49:09.168+0000 INFO  [o.n.k.i.DiagnosticsManager]           1:
2021-09-29 03:49:09.175+0000 INFO  [o.n.k.i.DiagnosticsManager]             segments_1: 2021-09-29T03:41:45+0000 - 71.00 B
2021-09-29 03:49:09.181+0000 INFO  [o.n.k.i.DiagnosticsManager]             write.lock: 2021-09-29T03:41:31+0000 - 0.00 B
2021-09-29 03:49:09.186+0000 INFO  [o.n.k.i.DiagnosticsManager]           - Total: 2021-09-29T03:41:45+0000 - 71.00 B
2021-09-29 03:49:09.190+0000 INFO  [o.n.k.i.DiagnosticsManager]           failure-message: 2021-09-29T03:41:31+0000 - 16.00 kB
2021-09-29 03:49:09.196+0000 INFO  [o.n.k.i.DiagnosticsManager]         - Total: 2021-09-29T03:41:31+0000 - 16.07 kB
2021-09-29 03:49:09.202+0000 INFO  [o.n.k.i.DiagnosticsManager]       - Total: 2021-09-29T03:41:31+0000 - 16.07 kB
2021-09-29 03:49:09.209+0000 INFO  [o.n.k.i.DiagnosticsManager]     - Total: 2021-09-29T03:41:31+0000 - 16.07 kB
2021-09-29 03:49:09.215+0000 INFO  [o.n.k.i.DiagnosticsManager]   - Total: 2021-09-29T03:41:31+0000 - 16.07 kB
2021-09-29 03:49:09.234+0000 INFO  [o.n.k.i.DiagnosticsManager]   store_lock: 2021-09-29T03:41:29+0000 - 0.00 B
2021-09-29 03:49:09.255+0000 INFO  [o.n.k.i.DiagnosticsManager] --- STARTED diagnostics for KernelDiagnostics:StoreFiles END ---
2021-09-29 03:49:17.615+0000 INFO  [o.n.k.i.DiagnosticsManager] --- SERVER STARTED START ---
2021-09-29 03:49:21.978+0000 INFO  [o.n.k.i.DiagnosticsManager] --- SERVER STARTED END ---
2021-09-29 04:05:31.701+0000 WARN  [o.n.k.i.c.MonitorGc] GC Monitor: Application threads blocked for 227ms.
2021-09-29 04:24:20.201+0000 WARN  [o.n.k.i.c.MonitorGc] GC Monitor: Application threads blocked for 441ms.
2021-09-29 05:25:51.585+0000 WARN  [o.n.k.i.c.MonitorGc] GC Monitor: Application threads blocked for 277ms.
2021-09-29 05:34:40.713+0000 WARN  [o.n.k.i.c.MonitorGc] GC Monitor: Application threads blocked for 1220ms.
2021-09-29 05:35:00.284+0000 WARN  [o.n.k.i.c.MonitorGc] GC Monitor: Application threads blocked for 1308ms.
2021-09-29 05:35:07.885+0000 WARN  [o.n.k.i.c.MonitorGc] GC Monitor: Application threads blocked for 216ms.
2021-09-29 06:05:25.253+0000 WARN  [o.n.k.i.c.MonitorGc] GC Monitor: Application threads blocked for 208ms.
2021-09-29 06:18:30.241+0000 WARN  [o.n.k.i.c.MonitorGc] GC Monitor: Application threads blocked for 212ms.
2021-09-29 07:05:03.404+0000 WARN  [o.n.k.i.c.MonitorGc] GC Monitor: Application threads blocked for 1285ms.
2021-09-29 07:10:13.484+0000 WARN  [o.n.k.i.c.MonitorGc] GC Monitor: Application threads blocked for 1155ms.
2021-09-29 07:27:37.188+0000 WARN  [o.n.k.i.c.MonitorGc] GC Monitor: Application threads blocked for 1160ms.
